Build started 2/26/2015 9:43:54 PM.
     1>Project "F:\Projects\Motion Interpolation\csci520-assignment2-startercode\fltk-1.3.2\ide\VisualC2010\zlib.vcxproj" on node 2 (build target(s)).
     1>InitializeBuildStatus:
         Creating ".\fltkzlib_debug\fltkzlib.unsuccessfulbuild" because "AlwaysCreate" was specified.
       ClCompile:
         c:\Program Files (x86)\Microsoft Visual Studio 10.0\VC\bin\CL.exe /c /I. /I..\..\zlib /I..\..\png /I..\..\jpeg /I../.. /Zi /nologo /W1 /WX- /Od /Oy- /D _CRT_SECURE_NO_DEPRECATE /D WIN32 /D _DEBUG /D _WINDOWS /D WIN32_LEAN_AND_MEAN /D VC_EXTRA_LEAN /D WIN32_EXTRA_LEAN /D _VC80_UPGRADE=0x0710 /Gm- /EHsc /MDd /GS /fp:precise /Zc:wchar_t /Zc:forScope /Fo".\fltkzlib_debug\\" /Fd".\fltkzlib_debug\vc100.pdb" /Gd /TC /analyze- /errorReport:prompt ..\..\zlib\adler32.c ..\..\zlib\compress.c ..\..\zlib\crc32.c ..\..\zlib\deflate.c ..\..\zlib\gzclose.c ..\..\zlib\gzlib.c ..\..\zlib\gzread.c ..\..\zlib\gzwrite.c ..\..\zlib\infback.c ..\..\zlib\inffast.c ..\..\zlib\inflate.c ..\..\zlib\inftrees.c ..\..\zlib\trees.c ..\..\zlib\uncompr.c ..\..\zlib\zutil.c
         adler32.c
         compress.c
         crc32.c
         deflate.c
         gzclose.c
         gzlib.c
         gzread.c
         gzwrite.c
         infback.c
         inffast.c
         inflate.c
         inftrees.c
         trees.c
         uncompr.c
         zutil.c
         Generating Code...
       Lib:
         c:\Program Files (x86)\Microsoft Visual Studio 10.0\VC\bin\Lib.exe /OUT:"..\..\lib\fltkzlibd.lib" /NOLOGO .\fltkzlib_debug\adler32.obj
         .\fltkzlib_debug\compress.obj
         .\fltkzlib_debug\crc32.obj
         .\fltkzlib_debug\deflate.obj
         .\fltkzlib_debug\gzclose.obj
         .\fltkzlib_debug\gzlib.obj
         .\fltkzlib_debug\gzread.obj
         .\fltkzlib_debug\gzwrite.obj
         .\fltkzlib_debug\infback.obj
         .\fltkzlib_debug\inffast.obj
         .\fltkzlib_debug\inflate.obj
         .\fltkzlib_debug\inftrees.obj
         .\fltkzlib_debug\trees.obj
         .\fltkzlib_debug\uncompr.obj
         .\fltkzlib_debug\zutil.obj
         zlib.vcxproj -> F:\Projects\Motion Interpolation\csci520-assignment2-startercode\fltk-1.3.2\ide\VisualC2010\..\..\lib\fltkzlibd.lib
       FinalizeBuildStatus:
         Deleting file ".\fltkzlib_debug\fltkzlib.unsuccessfulbuild".
         Touching ".\fltkzlib_debug\fltkzlib.lastbuildstate".
     1>Done Building Project "F:\Projects\Motion Interpolation\csci520-assignment2-startercode\fltk-1.3.2\ide\VisualC2010\zlib.vcxproj" (build target(s)).

Build succeeded.

Time Elapsed 00:00:03.40
