Build started 2/27/2015 10:43:15 AM.
     1>Project "F:\Projects\Motion Interpolation\csci520-assignment2-startercode\fltk-1.3.2\ide\VisualC2010\fltk.lib.vcxproj" on node 5 (build target(s)).
     1>InitializeBuildStatus:
         Creating ".\fltk_release\fltk.unsuccessfulbuild" because "AlwaysCreate" was specified.
       ClCompile:
         c:\Program Files (x86)\Microsoft Visual Studio 10.0\VC\bin\CL.exe /c /I. /I..\..\zlib /I..\..\png /I..\..\jpeg /I../.. /Zi /nologo /W1 /WX- /Od /Ob2 /Oy- /D _CRT_SECURE_NO_DEPRECATE /D FL_LIBRARY /D WIN32 /D NDEBUG /D _WINDOWS /D WIN32_LEAN_AND_MEAN /D VC_EXTRA_LEAN /D WIN32_EXTRA_LEAN /D _VC80_UPGRADE=0x0710 /Gm- /EHsc /MD /GS /fp:precise /Zc:wchar_t /Zc:forScope /Fo".\fltk_release\\" /Fd".\fltk_release\vc100.pdb" /Gd /TC /analyze- /errorReport:prompt ..\..\src\xutf8\case.c ..\..\src\fl_call_main.c ..\..\src\fl_utf.c ..\..\src\flstring.c ..\..\src\xutf8\is_right2left.c ..\..\src\xutf8\is_spacing.c ..\..\src\numericsort.c ..\..\src\scandir.c ..\..\src\vsnprintf.c
         case.c
         fl_call_main.c
         fl_utf.c
         flstring.c
         is_right2left.c
         is_spacing.c
         numericsort.c
         scandir.c
         vsnprintf.c
         Generating Code...
         c:\Program Files (x86)\Microsoft Visual Studio 10.0\VC\bin\CL.exe /c /I. /I..\..\zlib /I..\..\png /I..\..\jpeg /I../.. /Zi /nologo /W1 /WX- /Od /Ob2 /Oy- /D _CRT_SECURE_NO_DEPRECATE /D FL_LIBRARY /D WIN32 /D NDEBUG /D _WINDOWS /D WIN32_LEAN_AND_MEAN /D VC_EXTRA_LEAN /D WIN32_EXTRA_LEAN /D _VC80_UPGRADE=0x0710 /Gm- /EHsc /MD /GS /fp:precise /Zc:wchar_t /Zc:forScope /Fo".\fltk_release\\" /Fd".\fltk_release\vc100.pdb" /Gd /TP /analyze- /errorReport:prompt ..\..\src\filename_absolute.cxx ..\..\src\filename_expand.cxx ..\..\src\filename_ext.cxx ..\..\src\filename_isdir.cxx ..\..\src\filename_list.cxx ..\..\src\filename_match.cxx ..\..\src\filename_setext.cxx ..\..\src\Fl.cxx ..\..\src\Fl_abort.cxx ..\..\src\Fl_add_idle.cxx ..\..\src\Fl_Adjuster.cxx ..\..\src\fl_arc.cxx ..\..\src\fl_arci.cxx ..\..\src\Fl_arg.cxx ..\..\src\fl_ask.cxx ..\..\src\Fl_Bitmap.cxx ..\..\src\Fl_Box.cxx ..\..\src\fl_boxtype.cxx ..\..\src\Fl_Browser.cxx ..\..\src\Fl_Browser_.cxx ..\..\src\Fl_Browser_load.cxx ..\..\src\Fl_Button.cxx ..\..\cairo\Fl_Cairo.cxx ..\..\src\Fl_Chart.cxx ..\..\src\Fl_Check_Browser.cxx ..\..\src\Fl_Check_Button.cxx ..\..\src\Fl_Choice.cxx ..\..\src\Fl_Clock.cxx ..\..\src\fl_color.cxx ..\..\src\Fl_Color_Chooser.cxx ..\..\src\Fl_compose.cxx ..\..\src\Fl_Counter.cxx ..\..\src\fl_cursor.cxx ..\..\src\fl_curve.cxx ..\..\src\Fl_Device.cxx ..\..\src\Fl_Dial.cxx ..\..\src\fl_diamond_box.cxx ..\..\src\Fl_display.cxx ..\..\src\fl_dnd.cxx ..\..\src\Fl_Double_Window.cxx ..\..\src\fl_draw.cxx ..\..\src\fl_draw_image.cxx ..\..\src\fl_draw_pixmap.cxx ..\..\src\fl_engraved_label.cxx ..\..\src\Fl_File_Browser.cxx ..\..\src\Fl_File_Chooser.cxx ..\..\src\Fl_File_Chooser2.cxx ..\..\src\fl_file_dir.cxx ..\..\src\Fl_File_Icon.cxx ..\..\src\Fl_File_Input.cxx ..\..\src\fl_font.cxx ..\..\src\Fl_get_key.cxx ..\..\src\Fl_get_system_colors.cxx ..\..\src\Fl_grab.cxx ..\..\src\Fl_Group.cxx ..\..\src\fl_gtk.cxx ..\..\src\Fl_Help_View.cxx ..\..\src\Fl_Image.cxx ..\..\src\Fl_Input.cxx ..\..\src\Fl_Input_.cxx ..\..\src\fl_labeltype.cxx ..\..\src\Fl_Light_Button.cxx ..\..\src\fl_line_style.cxx ..\..\src\Fl_lock.cxx ..\..\src\Fl_Menu.cxx ..\..\src\Fl_Menu_.cxx ..\..\src\Fl_Menu_add.cxx ..\..\src\Fl_Menu_Bar.cxx ..\..\src\Fl_Menu_Button.cxx ..\..\src\Fl_Menu_global.cxx ..\..\src\Fl_Menu_Window.cxx ..\..\src\Fl_Multi_Label.cxx ..\..\src\Fl_Native_File_Chooser.cxx ..\..\src\fl_open_uri.cxx ..\..\src\fl_oval_box.cxx ..\..\src\fl_overlay.cxx ..\..\src\fl_overlay_visual.cxx ..\..\src\Fl_Overlay_Window.cxx ..\..\src\Fl_own_colormap.cxx ..\..\src\Fl_Pack.cxx ..\..\src\Fl_Paged_Device.cxx ..\..\src\Fl_Pixmap.cxx ..\..\src\fl_plastic.cxx ..\..\src\Fl_Positioner.cxx ..\..\src\Fl_Preferences.cxx ..\..\src\Fl_Printer.cxx ..\..\src\Fl_Progress.cxx ..\..\src\fl_read_image.cxx ..\..\src\fl_rect.cxx ..\..\src\Fl_Repeat_Button.cxx ..\..\src\Fl_Return_Button.cxx ..\..\src\Fl_Roller.cxx ..\..\src\fl_round_box.cxx ..\..\src\Fl_Round_Button.cxx ..\..\src\fl_rounded_box.cxx ..\..\src\Fl_Scroll.cxx ..\..\src\fl_scroll_area.cxx ..\..\src\Fl_Scrollbar.cxx ..\..\src\fl_set_font.cxx ..\..\src\fl_set_fonts.cxx ..\..\src\fl_shadow_box.cxx ..\..\src\Fl_Shared_Image.cxx ..\..\src\fl_shortcut.cxx ..\..\src\fl_show_colormap.cxx ..\..\src\Fl_Single_Window.cxx ..\..\src\Fl_Slider.cxx ..\..\src\fl_symbols.cxx ..\..\src\Fl_Table.cxx ..\..\src\Fl_Table_Row.cxx ..\..\src\Fl_Tabs.cxx ..\..\src\Fl_Text_Buffer.cxx ..\..\src\Fl_Text_Display.cxx ..\..\src\Fl_Text_Editor.cxx ..\..\src\Fl_Tile.cxx ..\..\src\Fl_Tiled_Image.cxx ..\..\src\Fl_Tooltip.cxx ..\..\src\Fl_Tree.cxx ..\..\src\Fl_Tree_Item.cxx ..\..\src\Fl_Tree_Item_Array.cxx ..\..\src\Fl_Tree_Prefs.cxx ..\..\src\fl_utf8.cxx ..\..\src\Fl_Valuator.cxx ..\..\src\Fl_Value_Input.cxx ..\..\src\Fl_Value_Output.cxx ..\..\src\Fl_Value_Slider.cxx ..\..\src\fl_vertex.cxx ..\..\src\Fl_visual.cxx ..\..\src\Fl_Widget.cxx ..\..\src\Fl_Window.cxx ..\..\src\Fl_Window_fullscreen.cxx ..\..\src\Fl_Window_hotspot.cxx ..\..\src\Fl_Window_iconize.cxx ..\..\src\Fl_Wizard.cxx ..\..\src\Fl_x.cxx ..\..\src\Fl_XBM_Image.cxx ..\..\src\Fl_XPM_Image.cxx ..\..\src\ps_image.cxx ..\..\src\screen_xywh.cxx
         filename_absolute.cxx
         filename_expand.cxx
         filename_ext.cxx
         filename_isdir.cxx
         filename_list.cxx
         filename_match.cxx
         filename_setext.cxx
         Fl.cxx
         Fl_abort.cxx
         Fl_add_idle.cxx
         Fl_Adjuster.cxx
         fl_arc.cxx
         fl_arci.cxx
         Fl_arg.cxx
         fl_ask.cxx
         Fl_Bitmap.cxx
         Fl_Box.cxx
         fl_boxtype.cxx
         Fl_Browser.cxx
         Fl_Browser_.cxx
         Generating Code...
         Compiling...
         Fl_Browser_load.cxx
         Fl_Button.cxx
         Fl_Cairo.cxx
         Fl_Chart.cxx
         Fl_Check_Browser.cxx
         Fl_Check_Button.cxx
         Fl_Choice.cxx
         Fl_Clock.cxx
         fl_color.cxx
         Fl_Color_Chooser.cxx
         Fl_compose.cxx
         Fl_Counter.cxx
         fl_cursor.cxx
         fl_curve.cxx
         Fl_Device.cxx
         Fl_Dial.cxx
         fl_diamond_box.cxx
         Fl_display.cxx
         fl_dnd.cxx
         Fl_Double_Window.cxx
         Generating Code...
         Compiling...
         fl_draw.cxx
         fl_draw_image.cxx
         fl_draw_pixmap.cxx
         fl_engraved_label.cxx
         Fl_File_Browser.cxx
         Fl_File_Chooser.cxx
         Fl_File_Chooser2.cxx
         fl_file_dir.cxx
         Fl_File_Icon.cxx
         Fl_File_Input.cxx
         fl_font.cxx
         Fl_get_key.cxx
         Fl_get_system_colors.cxx
         Fl_grab.cxx
         Fl_Group.cxx
         fl_gtk.cxx
         Fl_Help_View.cxx
         Fl_Image.cxx
         Fl_Input.cxx
         Fl_Input_.cxx
         Generating Code...
         Compiling...
         fl_labeltype.cxx
         Fl_Light_Button.cxx
         fl_line_style.cxx
         Fl_lock.cxx
         Fl_Menu.cxx
         Fl_Menu_.cxx
         Fl_Menu_add.cxx
         Fl_Menu_Bar.cxx
         Fl_Menu_Button.cxx
         Fl_Menu_global.cxx
         Fl_Menu_Window.cxx
         Fl_Multi_Label.cxx
         Fl_Native_File_Chooser.cxx
         fl_open_uri.cxx
         fl_oval_box.cxx
         fl_overlay.cxx
         fl_overlay_visual.cxx
         Fl_Overlay_Window.cxx
         Fl_own_colormap.cxx
         Fl_Pack.cxx
         Generating Code...
         Compiling...
         Fl_Paged_Device.cxx
         Fl_Pixmap.cxx
         fl_plastic.cxx
         Fl_Positioner.cxx
         Fl_Preferences.cxx
         Fl_Printer.cxx
     1>F:\Projects\Motion Interpolation\csci520-assignment2-startercode\fltk-1.3.2\FL/Fl_PostScript.H : warning C4819: The file contains a character that cannot be represented in the current code page (936). Save the file in Unicode format to prevent data loss
         Fl_Progress.cxx
         fl_read_image.cxx
         fl_rect.cxx
         Fl_Repeat_Button.cxx
         Fl_Return_Button.cxx
         Fl_Roller.cxx
         fl_round_box.cxx
         Fl_Round_Button.cxx
         fl_rounded_box.cxx
         Fl_Scroll.cxx
         fl_scroll_area.cxx
         Fl_Scrollbar.cxx
         fl_set_font.cxx
         fl_set_fonts.cxx
         Generating Code...
         Compiling...
         fl_shadow_box.cxx
         Fl_Shared_Image.cxx
         fl_shortcut.cxx
         fl_show_colormap.cxx
         Fl_Single_Window.cxx
         Fl_Slider.cxx
         fl_symbols.cxx
         Fl_Table.cxx
         Fl_Table_Row.cxx
         Fl_Tabs.cxx
         Fl_Text_Buffer.cxx
         Fl_Text_Display.cxx
         Fl_Text_Editor.cxx
         Fl_Tile.cxx
         Fl_Tiled_Image.cxx
         Fl_Tooltip.cxx
         Fl_Tree.cxx
         Fl_Tree_Item.cxx
         Fl_Tree_Item_Array.cxx
         Fl_Tree_Prefs.cxx
         Generating Code...
         Compiling...
         fl_utf8.cxx
         Fl_Valuator.cxx
         Fl_Value_Input.cxx
         Fl_Value_Output.cxx
         Fl_Value_Slider.cxx
         fl_vertex.cxx
         Fl_visual.cxx
         Fl_Widget.cxx
         Fl_Window.cxx
         Fl_Window_fullscreen.cxx
         Fl_Window_hotspot.cxx
         Fl_Window_iconize.cxx
         Fl_Wizard.cxx
         Fl_x.cxx
         Fl_XBM_Image.cxx
         Fl_XPM_Image.cxx
         ps_image.cxx
     1>F:\Projects\Motion Interpolation\csci520-assignment2-startercode\fltk-1.3.2\FL/Fl_PostScript.H : warning C4819: The file contains a character that cannot be represented in the current code page (936). Save the file in Unicode format to prevent data loss
         screen_xywh.cxx
         Generating Code...
       Lib:
         c:\Program Files (x86)\Microsoft Visual Studio 10.0\VC\bin\Lib.exe /OUT:"..\..\lib\fltk.lib" /NOLOGO .\fltk_release\case.obj
         .\fltk_release\filename_absolute.obj
         .\fltk_release\filename_expand.obj
         .\fltk_release\filename_ext.obj
         .\fltk_release\filename_isdir.obj
         .\fltk_release\filename_list.obj
         .\fltk_release\filename_match.obj
         .\fltk_release\filename_setext.obj
         .\fltk_release\Fl.obj
         .\fltk_release\Fl_abort.obj
         .\fltk_release\Fl_add_idle.obj
         .\fltk_release\Fl_Adjuster.obj
         .\fltk_release\fl_arc.obj
         .\fltk_release\fl_arci.obj
         .\fltk_release\Fl_arg.obj
         .\fltk_release\fl_ask.obj
         .\fltk_release\Fl_Bitmap.obj
         .\fltk_release\Fl_Box.obj
         .\fltk_release\fl_boxtype.obj
         .\fltk_release\Fl_Browser.obj
         .\fltk_release\Fl_Browser_.obj
         .\fltk_release\Fl_Browser_load.obj
         .\fltk_release\Fl_Button.obj
         .\fltk_release\Fl_Cairo.obj
         .\fltk_release\fl_call_main.obj
         .\fltk_release\Fl_Chart.obj
         .\fltk_release\Fl_Check_Browser.obj
         .\fltk_release\Fl_Check_Button.obj
         .\fltk_release\Fl_Choice.obj
         .\fltk_release\Fl_Clock.obj
         .\fltk_release\fl_color.obj
         .\fltk_release\Fl_Color_Chooser.obj
         .\fltk_release\Fl_compose.obj
         .\fltk_release\Fl_Counter.obj
         .\fltk_release\fl_cursor.obj
         .\fltk_release\fl_curve.obj
         .\fltk_release\Fl_Device.obj
         .\fltk_release\Fl_Dial.obj
         .\fltk_release\fl_diamond_box.obj
         .\fltk_release\Fl_display.obj
         .\fltk_release\fl_dnd.obj
         .\fltk_release\Fl_Double_Window.obj
         .\fltk_release\fl_draw.obj
         .\fltk_release\fl_draw_image.obj
         .\fltk_release\fl_draw_pixmap.obj
         .\fltk_release\fl_engraved_label.obj
         .\fltk_release\Fl_File_Browser.obj
         .\fltk_release\Fl_File_Chooser.obj
         .\fltk_release\Fl_File_Chooser2.obj
         .\fltk_release\fl_file_dir.obj
         .\fltk_release\Fl_File_Icon.obj
         .\fltk_release\Fl_File_Input.obj
         .\fltk_release\fl_font.obj
         .\fltk_release\Fl_get_key.obj
         .\fltk_release\Fl_get_system_colors.obj
         .\fltk_release\Fl_grab.obj
         .\fltk_release\Fl_Group.obj
         .\fltk_release\fl_gtk.obj
         .\fltk_release\Fl_Help_View.obj
         .\fltk_release\Fl_Image.obj
         .\fltk_release\Fl_Input.obj
         .\fltk_release\Fl_Input_.obj
         .\fltk_release\fl_labeltype.obj
         .\fltk_release\Fl_Light_Button.obj
         .\fltk_release\fl_line_style.obj
         .\fltk_release\Fl_lock.obj
         .\fltk_release\Fl_Menu.obj
         .\fltk_release\Fl_Menu_.obj
         .\fltk_release\Fl_Menu_add.obj
         .\fltk_release\Fl_Menu_Bar.obj
         .\fltk_release\Fl_Menu_Button.obj
         .\fltk_release\Fl_Menu_global.obj
         .\fltk_release\Fl_Menu_Window.obj
         .\fltk_release\Fl_Multi_Label.obj
         .\fltk_release\Fl_Native_File_Chooser.obj
         .\fltk_release\fl_open_uri.obj
         .\fltk_release\fl_oval_box.obj
         .\fltk_release\fl_overlay.obj
         .\fltk_release\fl_overlay_visual.obj
         .\fltk_release\Fl_Overlay_Window.obj
         .\fltk_release\Fl_own_colormap.obj
         .\fltk_release\Fl_Pack.obj
         .\fltk_release\Fl_Paged_Device.obj
         .\fltk_release\Fl_Pixmap.obj
         .\fltk_release\fl_plastic.obj
         .\fltk_release\Fl_Positioner.obj
         .\fltk_release\Fl_Preferences.obj
         .\fltk_release\Fl_Printer.obj
         .\fltk_release\Fl_Progress.obj
         .\fltk_release\fl_read_image.obj
         .\fltk_release\fl_rect.obj
         .\fltk_release\Fl_Repeat_Button.obj
         .\fltk_release\Fl_Return_Button.obj
         .\fltk_release\Fl_Roller.obj
         .\fltk_release\fl_round_box.obj
         .\fltk_release\Fl_Round_Button.obj
         .\fltk_release\fl_rounded_box.obj
         .\fltk_release\Fl_Scroll.obj
         .\fltk_release\fl_scroll_area.obj
         .\fltk_release\Fl_Scrollbar.obj
         .\fltk_release\fl_set_font.obj
         .\fltk_release\fl_set_fonts.obj
         .\fltk_release\fl_shadow_box.obj
         .\fltk_release\Fl_Shared_Image.obj
         .\fltk_release\fl_shortcut.obj
         .\fltk_release\fl_show_colormap.obj
         .\fltk_release\Fl_Single_Window.obj
         .\fltk_release\Fl_Slider.obj
         .\fltk_release\fl_symbols.obj
         .\fltk_release\Fl_Table.obj
         .\fltk_release\Fl_Table_Row.obj
         .\fltk_release\Fl_Tabs.obj
         .\fltk_release\Fl_Text_Buffer.obj
         .\fltk_release\Fl_Text_Display.obj
         .\fltk_release\Fl_Text_Editor.obj
         .\fltk_release\Fl_Tile.obj
         .\fltk_release\Fl_Tiled_Image.obj
         .\fltk_release\Fl_Tooltip.obj
         .\fltk_release\Fl_Tree.obj
         .\fltk_release\Fl_Tree_Item.obj
         .\fltk_release\Fl_Tree_Item_Array.obj
         .\fltk_release\Fl_Tree_Prefs.obj
         .\fltk_release\fl_utf.obj
         .\fltk_release\fl_utf8.obj
         .\fltk_release\Fl_Valuator.obj
         .\fltk_release\Fl_Value_Input.obj
         .\fltk_release\Fl_Value_Output.obj
         .\fltk_release\Fl_Value_Slider.obj
         .\fltk_release\fl_vertex.obj
         .\fltk_release\Fl_visual.obj
         .\fltk_release\Fl_Widget.obj
         .\fltk_release\Fl_Window.obj
         .\fltk_release\Fl_Window_fullscreen.obj
         .\fltk_release\Fl_Window_hotspot.obj
         .\fltk_release\Fl_Window_iconize.obj
         .\fltk_release\Fl_Wizard.obj
         .\fltk_release\Fl_x.obj
         .\fltk_release\Fl_XBM_Image.obj
         .\fltk_release\Fl_XPM_Image.obj
         .\fltk_release\flstring.obj
         .\fltk_release\is_right2left.obj
         .\fltk_release\is_spacing.obj
         .\fltk_release\numericsort.obj
         .\fltk_release\ps_image.obj
         .\fltk_release\scandir.obj
         .\fltk_release\screen_xywh.obj
         .\fltk_release\vsnprintf.obj
         fltk.lib.vcxproj -> F:\Projects\Motion Interpolation\csci520-assignment2-startercode\fltk-1.3.2\ide\VisualC2010\..\..\lib\fltk.lib
       FinalizeBuildStatus:
         Deleting file ".\fltk_release\fltk.unsuccessfulbuild".
         Touching ".\fltk_release\fltk.lastbuildstate".
     1>Done Building Project "F:\Projects\Motion Interpolation\csci520-assignment2-startercode\fltk-1.3.2\ide\VisualC2010\fltk.lib.vcxproj" (build target(s)).

Build succeeded.

Time Elapsed 00:00:16.27
