Build started 2/26/2015 9:44:43 PM.
     1>Project "F:\Projects\Motion Interpolation\csci520-assignment2-startercode\fltk-1.3.2\ide\VisualC2010\gl_overlay.vcxproj" on node 6 (build target(s)).
     1>InitializeBuildStatus:
         Creating ".\gl_overlay_debug\gl_overlay.unsuccessfulbuild" because "AlwaysCreate" was specified.
       ClCompile:
         c:\Program Files (x86)\Microsoft Visual Studio 10.0\VC\bin\CL.exe /c /I. /I..\..\zlib /I..\..\png /I..\..\jpeg /I../.. /Zi /nologo /W1 /WX- /Od /Oy- /D _CRT_SECURE_NO_DEPRECATE /D WIN32 /D _DEBUG /D _WINDOWS /D WIN32_LEAN_AND_MEAN /D VC_EXTRA_LEAN /D WIN32_EXTRA_LEAN /D _VC80_UPGRADE=0x0710 /Gm- /EHsc /MDd /GS /fp:precise /Zc:wchar_t /Zc:forScope /Fo".\gl_overlay_debug\\" /Fd".\gl_overlay_debug\vc100.pdb" /Gd /TP /analyze- /errorReport:prompt ..\..\test\gl_overlay.cxx
         gl_overlay.cxx
       Link:
         c:\Program Files (x86)\Microsoft Visual Studio 10.0\VC\bin\link.exe /ERRORREPORT:PROMPT /OUT:"../../test/gl_overlayd.exe" /INCREMENTAL:NO /NOLOGO /LIBPATH:..\..\lib glu32.lib opengl32.lib comctl32.lib kernel32.lib user32.lib gdi32.lib winspool.lib comdlg32.lib advapi32.lib shell32.lib ole32.lib oleaut32.lib uuid.lib odbc32.lib odbccp32.lib /NODEFAULTLIB:libcd /MANIFEST /ManifestFile:".\gl_overlay_debug\gl_overlayd.exe.intermediate.manifest" /MANIFESTUAC:"level='asInvoker' uiAccess='false'" /DEBUG /PDB:".\gl_overlay_debug\gl_overlayd.pdb" /SUBSYSTEM:WINDOWS /TLBID:1 /DYNAMICBASE:NO /IMPLIB:"..\..\test\gl_overlayd.lib" /MACHINE:X86 .\gl_overlay_debug\gl_overlay.obj
         "F:\Projects\Motion Interpolation\csci520-assignment2-startercode\fltk-1.3.2\lib\fltkd.lib"
         "F:\Projects\Motion Interpolation\csci520-assignment2-startercode\fltk-1.3.2\lib\fltkgld.lib"
         gl_overlay.vcxproj -> F:\Projects\Motion Interpolation\csci520-assignment2-startercode\fltk-1.3.2\ide\VisualC2010\..\..\test\gl_overlayd.exe
       Manifest:
         c:\Program Files (x86)\Microsoft SDKs\Windows\v7.0A\bin\mt.exe /nologo /verbose /outputresource:"../../test/gl_overlayd.exe;#1" /manifest .\gl_overlay_debug\gl_overlayd.exe.intermediate.manifest
       CopyFilesToOutputDirectory:
         Copying file from ".\gl_overlay_debug\gl_overlayd.pdb" to "..\..\test\gl_overlayd.pdb".
       FinalizeBuildStatus:
         Deleting file ".\gl_overlay_debug\gl_overlay.unsuccessfulbuild".
         Touching ".\gl_overlay_debug\gl_overlay.lastbuildstate".
     1>Done Building Project "F:\Projects\Motion Interpolation\csci520-assignment2-startercode\fltk-1.3.2\ide\VisualC2010\gl_overlay.vcxproj" (build target(s)).

Build succeeded.

Time Elapsed 00:00:01.44
