Build started 2/28/2015 11:25:09 AM.
     1>Project "F:\Projects\MoCap\MotionInterpolation\IDE-starter\VS2010\mocapPlayer\mocapPlayer.vcxproj" on node 2 (build target(s)).
     1>InitializeBuildStatus:
         Creating "Debug\mocapPlayer.unsuccessfulbuild" because "AlwaysCreate" was specified.
       ClCompile:
         c:\Program Files (x86)\Microsoft Visual Studio 10.0\VC\bin\CL.exe /c /ZI /nologo /W3 /WX- /Od /Oy- /D WIN32 /D _DEBUG /D _CONSOLE /D _UNICODE /D UNICODE /Gm /EHsc /RTC1 /MDd /GS /fp:precise /Zc:wchar_t /Zc:forScope /Fo"Debug\\" /Fd"Debug\vc100.pdb" /Gd /TP /analyze- /errorReport:prompt "..\..\..\mocapPlayer-starter\displaySkeleton.cpp" "..\..\..\mocapPlayer-starter\interface.cpp" "..\..\..\mocapPlayer-starter\mocapPlayer.cpp" "..\..\..\mocapPlayer-starter\motion.cpp" "..\..\..\mocapPlayer-starter\performanceCounter.cpp" "..\..\..\mocapPlayer-starter\pic.cpp" "..\..\..\mocapPlayer-starter\posture.cpp" "..\..\..\mocapPlayer-starter\ppm.cpp" "..\..\..\mocapPlayer-starter\quaternion.cpp" "..\..\..\mocapPlayer-starter\skeleton.cpp" "..\..\..\mocapPlayer-starter\transform.cpp" "..\..\..\mocapPlayer-starter\vector.cpp"
         vector.cpp
         transform.cpp
         skeleton.cpp
         quaternion.cpp
         ppm.cpp
         posture.cpp
         pic.cpp
         performanceCounter.cpp
         motion.cpp
         mocapPlayer.cpp
         interface.cpp
         displaySkeleton.cpp
         Generating Code...
       ManifestResourceCompile:
         c:\Program Files (x86)\Microsoft SDKs\Windows\v7.0A\bin\rc.exe /nologo /fo"Debug\mocapPlayer.exe.embed.manifest.res" Debug\mocapPlayer_manifest.rc 
       Link:
         c:\Program Files (x86)\Microsoft Visual Studio 10.0\VC\bin\link.exe /ERRORREPORT:PROMPT /OUT:"F:\Projects\MoCap\MotionInterpolation\IDE-starter\VS2010\Debug\mocapPlayer.exe" /INCREMENTAL /NOLOGO glu32.lib opengl32.lib comctl32.lib wsock32.lib fltkd.lib fltkgld.lib kernel32.lib user32.lib gdi32.lib winspool.lib comdlg32.lib advapi32.lib shell32.lib ole32.lib oleaut32.lib uuid.lib odbc32.lib odbccp32.lib /MANIFEST /ManifestFile:"Debug\mocapPlayer.exe.intermediate.manifest" /MANIFESTUAC:"level='asInvoker' uiAccess='false'" /DEBUG /PDB:"F:\Projects\MoCap\MotionInterpolation\IDE-starter\VS2010\Debug\mocapPlayer.pdb" /SUBSYSTEM:CONSOLE /TLBID:1 /DYNAMICBASE /NXCOMPAT /IMPLIB:"F:\Projects\MoCap\MotionInterpolation\IDE-starter\VS2010\Debug\mocapPlayer.lib" /MACHINE:X86 Debug\mocapPlayer.exe.embed.manifest.res
         Debug\displaySkeleton.obj
         Debug\interface.obj
         Debug\mocapPlayer.obj
         Debug\motion.obj
         Debug\performanceCounter.obj
         Debug\pic.obj
         Debug\posture.obj
         Debug\ppm.obj
         Debug\quaternion.obj
         Debug\skeleton.obj
         Debug\transform.obj
         Debug\vector.obj
       Manifest:
         c:\Program Files (x86)\Microsoft SDKs\Windows\v7.0A\bin\mt.exe /nologo /verbose /out:"Debug\mocapPlayer.exe.embed.manifest" /manifest Debug\mocapPlayer.exe.intermediate.manifest
         All outputs are up-to-date.
       LinkEmbedManifest:
         All outputs are up-to-date.
         mocapPlayer.vcxproj -> F:\Projects\MoCap\MotionInterpolation\IDE-starter\VS2010\Debug\mocapPlayer.exe
       FinalizeBuildStatus:
         Deleting file "Debug\mocapPlayer.unsuccessfulbuild".
         Touching "Debug\mocapPlayer.lastbuildstate".
     1>Done Building Project "F:\Projects\MoCap\MotionInterpolation\IDE-starter\VS2010\mocapPlayer\mocapPlayer.vcxproj" (build target(s)).

Build succeeded.

Time Elapsed 00:00:03.90
