Build started 2/26/2015 9:44:47 PM.
     1>Project "F:\Projects\Motion Interpolation\csci520-assignment2-startercode\fltk-1.3.2\ide\VisualC2010\colbrowser.vcxproj" on node 2 (build target(s)).
     1>InitializeBuildStatus:
         Creating ".\colbrowser_debug\colbrowser.unsuccessfulbuild" because "AlwaysCreate" was specified.
       ClCompile:
         c:\Program Files (x86)\Microsoft Visual Studio 10.0\VC\bin\CL.exe /c /I. /I..\..\zlib /I..\..\png /I..\..\jpeg /I../.. /Zi /nologo /W1 /WX- /Od /Oy- /D _CRT_SECURE_NO_DEPRECATE /D WIN32 /D _DEBUG /D _WINDOWS /D WIN32_LEAN_AND_MEAN /D VC_EXTRA_LEAN /D WIN32_EXTRA_LEAN /D _VC80_UPGRADE=0x0710 /Gm- /EHsc /MDd /GS /fp:precise /Zc:wchar_t /Zc:forScope /Fo".\colbrowser_debug\\" /Fd".\colbrowser_debug\vc100.pdb" /Gd /TP /analyze- /errorReport:prompt ..\..\test\colbrowser.cxx
         colbrowser.cxx
       Link:
         c:\Program Files (x86)\Microsoft Visual Studio 10.0\VC\bin\link.exe /ERRORREPORT:PROMPT /OUT:"../../test/colbrowserd.exe" /INCREMENTAL:NO /NOLOGO /LIBPATH:..\..\lib fltkd.lib comctl32.lib kernel32.lib user32.lib gdi32.lib winspool.lib comdlg32.lib advapi32.lib shell32.lib ole32.lib oleaut32.lib uuid.lib odbc32.lib odbccp32.lib /NODEFAULTLIB:libcd /MANIFEST /ManifestFile:".\colbrowser_debug\colbrowserd.exe.intermediate.manifest" /MANIFESTUAC:"level='asInvoker' uiAccess='false'" /DEBUG /PDB:".\colbrowser_debug\colbrowserd.pdb" /SUBSYSTEM:WINDOWS /TLBID:1 /DYNAMICBASE:NO /IMPLIB:"..\..\test\colbrowserd.lib" /MACHINE:X86 .\colbrowser_debug\colbrowser.obj
         "F:\Projects\Motion Interpolation\csci520-assignment2-startercode\fltk-1.3.2\lib\fltkd.lib"
         "F:\Projects\Motion Interpolation\csci520-assignment2-startercode\fltk-1.3.2\lib\fltkformsd.lib"
         colbrowser.vcxproj -> F:\Projects\Motion Interpolation\csci520-assignment2-startercode\fltk-1.3.2\ide\VisualC2010\..\..\test\colbrowserd.exe
       Manifest:
         c:\Program Files (x86)\Microsoft SDKs\Windows\v7.0A\bin\mt.exe /nologo /verbose /outputresource:"../../test/colbrowserd.exe;#1" /manifest .\colbrowser_debug\colbrowserd.exe.intermediate.manifest
       CopyFilesToOutputDirectory:
         Copying file from ".\colbrowser_debug\colbrowserd.pdb" to "..\..\test\colbrowserd.pdb".
       FinalizeBuildStatus:
         Deleting file ".\colbrowser_debug\colbrowser.unsuccessfulbuild".
         Touching ".\colbrowser_debug\colbrowser.lastbuildstate".
     1>Done Building Project "F:\Projects\Motion Interpolation\csci520-assignment2-startercode\fltk-1.3.2\ide\VisualC2010\colbrowser.vcxproj" (build target(s)).

Build succeeded.

Time Elapsed 00:00:03.27
