Build started 2/26/2015 9:44:40 PM.
     1>Project "F:\Projects\Motion Interpolation\csci520-assignment2-startercode\fltk-1.3.2\ide\VisualC2010\adjuster.vcxproj" on node 8 (build target(s)).
     1>InitializeBuildStatus:
         Creating ".\adjuster_debug\adjuster.unsuccessfulbuild" because "AlwaysCreate" was specified.
       ClCompile:
         c:\Program Files (x86)\Microsoft Visual Studio 10.0\VC\bin\CL.exe /c /I. /I..\..\zlib /I..\..\png /I..\..\jpeg /I../.. /Zi /nologo /W1 /WX- /Od /Oy- /D _CRT_SECURE_NO_DEPRECATE /D WIN32 /D _DEBUG /D _WINDOWS /D WIN32_LEAN_AND_MEAN /D VC_EXTRA_LEAN /D WIN32_EXTRA_LEAN /D _VC80_UPGRADE=0x0710 /Gm- /EHsc /MDd /GS /fp:precise /Zc:wchar_t /Zc:forScope /Fo".\adjuster_debug\\" /Fd".\adjuster_debug\vc100.pdb" /Gd /TP /analyze- /errorReport:prompt ..\..\test\adjuster.cxx
         adjuster.cxx
       Link:
         c:\Program Files (x86)\Microsoft Visual Studio 10.0\VC\bin\link.exe /ERRORREPORT:PROMPT /OUT:"../../test/adjusterd.exe" /INCREMENTAL:NO /NOLOGO /LIBPATH:..\..\lib fltkd.lib comctl32.lib kernel32.lib user32.lib gdi32.lib winspool.lib comdlg32.lib advapi32.lib shell32.lib ole32.lib oleaut32.lib uuid.lib odbc32.lib odbccp32.lib /NODEFAULTLIB:libcd /MANIFEST /ManifestFile:".\adjuster_debug\adjusterd.exe.intermediate.manifest" /MANIFESTUAC:"level='asInvoker' uiAccess='false'" /DEBUG /PDB:".\adjuster_debug\adjusterd.pdb" /SUBSYSTEM:WINDOWS /TLBID:1 /DYNAMICBASE:NO /IMPLIB:"..\..\test\adjusterd.lib" /MACHINE:X86 .\adjuster_debug\adjuster.obj
         "F:\Projects\Motion Interpolation\csci520-assignment2-startercode\fltk-1.3.2\lib\fltkd.lib"
         adjuster.vcxproj -> F:\Projects\Motion Interpolation\csci520-assignment2-startercode\fltk-1.3.2\ide\VisualC2010\..\..\test\adjusterd.exe
       Manifest:
         c:\Program Files (x86)\Microsoft SDKs\Windows\v7.0A\bin\mt.exe /nologo /verbose /outputresource:"../../test/adjusterd.exe;#1" /manifest .\adjuster_debug\adjusterd.exe.intermediate.manifest
       CopyFilesToOutputDirectory:
         Copying file from ".\adjuster_debug\adjusterd.pdb" to "..\..\test\adjusterd.pdb".
       FinalizeBuildStatus:
         Deleting file ".\adjuster_debug\adjuster.unsuccessfulbuild".
         Touching ".\adjuster_debug\adjuster.lastbuildstate".
     1>Done Building Project "F:\Projects\Motion Interpolation\csci520-assignment2-startercode\fltk-1.3.2\ide\VisualC2010\adjuster.vcxproj" (build target(s)).

Build succeeded.

Time Elapsed 00:00:01.37
