Build started 2/26/2015 9:45:22 PM.
     1>Project "F:\Projects\Motion Interpolation\csci520-assignment2-startercode\fltk-1.3.2\ide\VisualC2010\mandelbrot.vcxproj" on node 6 (build target(s)).
     1>InitializeBuildStatus:
         Creating ".\mandelbrot_debug\mandelbrot.unsuccessfulbuild" because "AlwaysCreate" was specified.
       CustomBuild:
         Create .cxx and .h file with fluidd
         Compiling fluid files ...
       ClCompile:
         c:\Program Files (x86)\Microsoft Visual Studio 10.0\VC\bin\CL.exe /c /I. /I..\..\zlib /I..\..\png /I..\..\jpeg /I../.. /Zi /nologo /W1 /WX- /Od /Oy- /D _CRT_SECURE_NO_DEPRECATE /D WIN32 /D _DEBUG /D _WINDOWS /D WIN32_LEAN_AND_MEAN /D VC_EXTRA_LEAN /D WIN32_EXTRA_LEAN /D _VC80_UPGRADE=0x0710 /Gm- /EHsc /MDd /GS /fp:precise /Zc:wchar_t /Zc:forScope /Fo".\mandelbrot_debug\\" /Fd".\mandelbrot_debug\vc100.pdb" /Gd /TP /analyze- /errorReport:prompt ..\..\test\mandelbrot.cxx ..\..\test\mandelbrot_ui.cxx
         mandelbrot.cxx
         mandelbrot_ui.cxx
         Generating Code...
       Link:
         c:\Program Files (x86)\Microsoft Visual Studio 10.0\VC\bin\link.exe /ERRORREPORT:PROMPT /OUT:"../../test/mandelbrotd.exe" /INCREMENTAL:NO /NOLOGO /LIBPATH:..\..\lib glu32.lib opengl32.lib fltkd.lib comctl32.lib kernel32.lib user32.lib gdi32.lib winspool.lib comdlg32.lib advapi32.lib shell32.lib ole32.lib oleaut32.lib uuid.lib odbc32.lib odbccp32.lib /NODEFAULTLIB:libcd /MANIFEST /ManifestFile:".\mandelbrot_debug\mandelbrotd.exe.intermediate.manifest" /MANIFESTUAC:"level='asInvoker' uiAccess='false'" /DEBUG /PDB:".\mandelbrot_debug\mandelbrotd.pdb" /SUBSYSTEM:WINDOWS /TLBID:1 /DYNAMICBASE:NO /IMPLIB:"..\..\test\mandelbrotd.lib" /MACHINE:X86 .\mandelbrot_debug\mandelbrot.obj
         .\mandelbrot_debug\mandelbrot_ui.obj
         "F:\Projects\Motion Interpolation\csci520-assignment2-startercode\fltk-1.3.2\lib\fltkd.lib"
         mandelbrot.vcxproj -> F:\Projects\Motion Interpolation\csci520-assignment2-startercode\fltk-1.3.2\ide\VisualC2010\..\..\test\mandelbrotd.exe
       Manifest:
         c:\Program Files (x86)\Microsoft SDKs\Windows\v7.0A\bin\mt.exe /nologo /verbose /outputresource:"../../test/mandelbrotd.exe;#1" /manifest .\mandelbrot_debug\mandelbrotd.exe.intermediate.manifest
       CopyFilesToOutputDirectory:
         Copying file from ".\mandelbrot_debug\mandelbrotd.pdb" to "..\..\test\mandelbrotd.pdb".
       FinalizeBuildStatus:
         Deleting file ".\mandelbrot_debug\mandelbrot.unsuccessfulbuild".
         Touching ".\mandelbrot_debug\mandelbrot.lastbuildstate".
     1>Done Building Project "F:\Projects\Motion Interpolation\csci520-assignment2-startercode\fltk-1.3.2\ide\VisualC2010\mandelbrot.vcxproj" (build target(s)).

Build succeeded.

Time Elapsed 00:00:08.83
