Build started 2/26/2015 9:43:54 PM.
     1>Project "F:\Projects\Motion Interpolation\csci520-assignment2-startercode\fltk-1.3.2\ide\VisualC2010\fltkgl.vcxproj" on node 2 (build target(s)).
     1>InitializeBuildStatus:
         Creating ".\fltkgl_debug\fltkgl.unsuccessfulbuild" because "AlwaysCreate" was specified.
       ClCompile:
         c:\Program Files (x86)\Microsoft Visual Studio 10.0\VC\bin\CL.exe /c /I. /I..\..\zlib /I..\..\png /I..\..\jpeg /I..\.. /Zi /nologo /W1 /WX- /Od /Oy- /D _CRT_SECURE_NO_DEPRECATE /D FL_LIBRARY /D WIN32 /D _DEBUG /D _WINDOWS /D WIN32_LEAN_AND_MEAN /D VC_EXTRA_LEAN /D WIN32_EXTRA_LEAN /D _VC80_UPGRADE=0x0710 /Gm- /EHsc /MDd /GS /fp:precise /Zc:wchar_t /Zc:forScope /Fo".\fltkgl_debug\\" /Fd".\fltkgl_debug\vc100.pdb" /FR".\fltkgl_debug\\" /Gd /TP /analyze- /errorReport:prompt ..\..\src\Fl_Gl_Choice.cxx ..\..\src\Fl_Gl_Device_Plugin.cxx ..\..\src\Fl_Gl_Overlay.cxx ..\..\src\Fl_Gl_Window.cxx ..\..\src\freeglut_geometry.cxx ..\..\src\freeglut_stroke_mono_roman.cxx ..\..\src\freeglut_stroke_roman.cxx ..\..\src\freeglut_teapot.cxx ..\..\src\gl_draw.cxx ..\..\src\gl_start.cxx ..\..\src\glut_compatability.cxx ..\..\src\glut_font.cxx
         Fl_Gl_Choice.cxx
         Fl_Gl_Device_Plugin.cxx
         Fl_Gl_Overlay.cxx
         Fl_Gl_Window.cxx
         freeglut_geometry.cxx
         freeglut_stroke_mono_roman.cxx
         freeglut_stroke_roman.cxx
         freeglut_teapot.cxx
         gl_draw.cxx
         gl_start.cxx
         glut_compatability.cxx
         glut_font.cxx
         Generating Code...
       Lib:
         c:\Program Files (x86)\Microsoft Visual Studio 10.0\VC\bin\Lib.exe /OUT:"..\..\lib\fltkgld.lib" /NOLOGO .\fltkgl_debug\Fl_Gl_Choice.obj
         .\fltkgl_debug\Fl_Gl_Device_Plugin.obj
         .\fltkgl_debug\Fl_Gl_Overlay.obj
         .\fltkgl_debug\Fl_Gl_Window.obj
         .\fltkgl_debug\freeglut_geometry.obj
         .\fltkgl_debug\freeglut_stroke_mono_roman.obj
         .\fltkgl_debug\freeglut_stroke_roman.obj
         .\fltkgl_debug\freeglut_teapot.obj
         .\fltkgl_debug\gl_draw.obj
         .\fltkgl_debug\gl_start.obj
         .\fltkgl_debug\glut_compatability.obj
         .\fltkgl_debug\glut_font.obj
         fltkgl.vcxproj -> F:\Projects\Motion Interpolation\csci520-assignment2-startercode\fltk-1.3.2\ide\VisualC2010\..\..\lib\fltkgld.lib
       BscMake:
         c:\Program Files (x86)\Microsoft Visual Studio 10.0\VC\bin\bscmake.exe /nologo /o"..\..\lib\fltkgld.bsc" .\fltkgl_debug\Fl_Gl_Choice.sbr .\fltkgl_debug\Fl_Gl_Device_Plugin.sbr .\fltkgl_debug\Fl_Gl_Overlay.sbr .\fltkgl_debug\Fl_Gl_Window.sbr .\fltkgl_debug\freeglut_geometry.sbr .\fltkgl_debug\freeglut_stroke_mono_roman.sbr .\fltkgl_debug\freeglut_stroke_roman.sbr .\fltkgl_debug\freeglut_teapot.sbr .\fltkgl_debug\gl_draw.sbr .\fltkgl_debug\gl_start.sbr .\fltkgl_debug\glut_compatability.sbr .\fltkgl_debug\glut_font.sbr
       FinalizeBuildStatus:
         Deleting file ".\fltkgl_debug\fltkgl.unsuccessfulbuild".
         Touching ".\fltkgl_debug\fltkgl.lastbuildstate".
     1>Done Building Project "F:\Projects\Motion Interpolation\csci520-assignment2-startercode\fltk-1.3.2\ide\VisualC2010\fltkgl.vcxproj" (build target(s)).

Build succeeded.

Time Elapsed 00:00:04.55
