Build started 2/26/2015 9:45:17 PM.
     1>Project "F:\Projects\Motion Interpolation\csci520-assignment2-startercode\fltk-1.3.2\ide\VisualC2010\tree.vcxproj" on node 4 (build target(s)).
     1>InitializeBuildStatus:
         Creating ".\tree_debug\tree.unsuccessfulbuild" because "AlwaysCreate" was specified.
       CustomBuild:
         Create tree.cxx and tree.h file with fluid
         Compiling fluid files ...
       ClCompile:
         c:\Program Files (x86)\Microsoft Visual Studio 10.0\VC\bin\CL.exe /c /I. /I..\..\zlib /I..\..\png /I..\..\jpeg /I../.. /Zi /nologo /W1 /WX- /Od /Oy- /D _CRT_SECURE_NO_DEPRECATE /D WIN32 /D _DEBUG /D _WINDOWS /D WIN32_LEAN_AND_MEAN /D VC_EXTRA_LEAN /D WIN32_EXTRA_LEAN /D _VC80_UPGRADE=0x0710 /Gm- /EHsc /MDd /GS /fp:precise /Zc:wchar_t /Zc:forScope /Fo".\tree_debug\\" /Fd".\tree_debug\vc100.pdb" /Gd /TP /analyze- /errorReport:prompt ..\..\test\tree.cxx
         tree.cxx
       Link:
         c:\Program Files (x86)\Microsoft Visual Studio 10.0\VC\bin\link.exe /ERRORREPORT:PROMPT /OUT:"../../test/treed.exe" /INCREMENTAL:NO /NOLOGO /LIBPATH:..\..\lib fltkd.lib comctl32.lib kernel32.lib user32.lib gdi32.lib winspool.lib comdlg32.lib advapi32.lib shell32.lib ole32.lib oleaut32.lib uuid.lib odbc32.lib odbccp32.lib /NODEFAULTLIB:libcd /MANIFEST /ManifestFile:".\tree_debug\treed.exe.intermediate.manifest" /MANIFESTUAC:"level='asInvoker' uiAccess='false'" /DEBUG /PDB:".\tree_debug\treed.pdb" /SUBSYSTEM:WINDOWS /TLBID:1 /DYNAMICBASE:NO /IMPLIB:"..\..\test\treed.lib" /MACHINE:X86 .\tree_debug\tree.obj
         "F:\Projects\Motion Interpolation\csci520-assignment2-startercode\fltk-1.3.2\lib\fltkd.lib"
         tree.vcxproj -> F:\Projects\Motion Interpolation\csci520-assignment2-startercode\fltk-1.3.2\ide\VisualC2010\..\..\test\treed.exe
       Manifest:
         c:\Program Files (x86)\Microsoft SDKs\Windows\v7.0A\bin\mt.exe /nologo /verbose /outputresource:"../../test/treed.exe;#1" /manifest .\tree_debug\treed.exe.intermediate.manifest
       CopyFilesToOutputDirectory:
         Copying file from ".\tree_debug\treed.pdb" to "..\..\test\treed.pdb".
       FinalizeBuildStatus:
         Deleting file ".\tree_debug\tree.unsuccessfulbuild".
         Touching ".\tree_debug\tree.lastbuildstate".
     1>Done Building Project "F:\Projects\Motion Interpolation\csci520-assignment2-startercode\fltk-1.3.2\ide\VisualC2010\tree.vcxproj" (build target(s)).

Build succeeded.

Time Elapsed 00:00:14.53
