Build started 2/26/2015 9:45:31 PM.
     1>Project "F:\Projects\Motion Interpolation\csci520-assignment2-startercode\fltk-1.3.2\ide\VisualC2010\CubeView.vcxproj" on node 2 (build target(s)).
     1>InitializeBuildStatus:
         Creating ".\CubeView_debug\CubeView.unsuccessfulbuild" because "AlwaysCreate" was specified.
       CustomBuild:
         Create .cxx and .h file with fluidd
         Compiling fluid files ...
       ClCompile:
         c:\Program Files (x86)\Microsoft Visual Studio 10.0\VC\bin\CL.exe /c /I. /I..\..\zlib /I..\..\png /I..\..\jpeg /I../.. /Zi /nologo /W1 /WX- /Od /Oy- /D _CRT_SECURE_NO_DEPRECATE /D WIN32 /D _DEBUG /D _WINDOWS /D WIN32_LEAN_AND_MEAN /D VC_EXTRA_LEAN /D WIN32_EXTRA_LEAN /D _VC80_UPGRADE=0x0710 /Gm- /EHsc /MDd /GS /fp:precise /Zc:wchar_t /Zc:forScope /Fo".\CubeView_debug\\" /Fd".\CubeView_debug\vc100.pdb" /Gd /TP /analyze- /errorReport:prompt ..\..\test\CubeMain.cxx ..\..\test\CubeView.cxx ..\..\test\CubeViewUI.cxx
         CubeMain.cxx
         CubeView.cxx
         CubeViewUI.cxx
         Generating Code...
       Link:
         c:\Program Files (x86)\Microsoft Visual Studio 10.0\VC\bin\link.exe /ERRORREPORT:PROMPT /OUT:"../../test/CubeViewd.exe" /INCREMENTAL:NO /NOLOGO /LIBPATH:..\..\lib opengl32.lib comctl32.lib kernel32.lib user32.lib gdi32.lib winspool.lib comdlg32.lib advapi32.lib shell32.lib ole32.lib oleaut32.lib uuid.lib odbc32.lib odbccp32.lib /NODEFAULTLIB:libcd /MANIFEST /ManifestFile:".\CubeView_debug\CubeViewd.exe.intermediate.manifest" /MANIFESTUAC:"level='asInvoker' uiAccess='false'" /DEBUG /PDB:".\CubeView_debug\CubeViewd.pdb" /SUBSYSTEM:WINDOWS /TLBID:1 /DYNAMICBASE:NO /IMPLIB:"..\..\test\CubeViewd.lib" /MACHINE:X86 .\CubeView_debug\CubeMain.obj
         .\CubeView_debug\CubeView.obj
         .\CubeView_debug\CubeViewUI.obj
         "F:\Projects\Motion Interpolation\csci520-assignment2-startercode\fltk-1.3.2\lib\fltkd.lib"
         "F:\Projects\Motion Interpolation\csci520-assignment2-startercode\fltk-1.3.2\lib\fltkgld.lib"
         CubeView.vcxproj -> F:\Projects\Motion Interpolation\csci520-assignment2-startercode\fltk-1.3.2\ide\VisualC2010\..\..\test\CubeViewd.exe
       Manifest:
         c:\Program Files (x86)\Microsoft SDKs\Windows\v7.0A\bin\mt.exe /nologo /verbose /outputresource:"../../test/CubeViewd.exe;#1" /manifest .\CubeView_debug\CubeViewd.exe.intermediate.manifest
       CopyFilesToOutputDirectory:
         Copying file from ".\CubeView_debug\CubeViewd.pdb" to "..\..\test\CubeViewd.pdb".
       FinalizeBuildStatus:
         Deleting file ".\CubeView_debug\CubeView.unsuccessfulbuild".
         Touching ".\CubeView_debug\CubeView.lastbuildstate".
     1>Done Building Project "F:\Projects\Motion Interpolation\csci520-assignment2-startercode\fltk-1.3.2\ide\VisualC2010\CubeView.vcxproj" (build target(s)).

Build succeeded.

Time Elapsed 00:00:01.70
