Build started 2/28/2015 11:46:34 AM.
     1>Project "F:\Projects\MoCap\MotionInterpolation\IDE-starter\VS2010\interpolate\interpolate.vcxproj" on node 2 (build target(s)).
     1>InitializeBuildStatus:
         Creating "Debug\interpolate.unsuccessfulbuild" because "AlwaysCreate" was specified.
       ClCompile:
         c:\Program Files (x86)\Microsoft Visual Studio 10.0\VC\bin\CL.exe /c /ZI /nologo /W3 /WX- /Od /Oy- /D WIN32 /D _DEBUG /D _CONSOLE /D _UNICODE /D UNICODE /Gm /EHsc /RTC1 /MDd /GS /fp:precise /Zc:wchar_t /Zc:forScope /Fo"Debug\\" /Fd"Debug\vc100.pdb" /Gd /TP /analyze- /errorReport:prompt "..\..\..\mocapPlayer-starter\interpolate.cpp" "..\..\..\mocapPlayer-starter\interpolator.cpp" "..\..\..\mocapPlayer-starter\motion.cpp" "..\..\..\mocapPlayer-starter\performanceCounter.cpp" "..\..\..\mocapPlayer-starter\posture.cpp" "..\..\..\mocapPlayer-starter\quaternion.cpp" "..\..\..\mocapPlayer-starter\skeleton.cpp" "..\..\..\mocapPlayer-starter\transform.cpp" "..\..\..\mocapPlayer-starter\vector.cpp"
         vector.cpp
         transform.cpp
         skeleton.cpp
         quaternion.cpp
         posture.cpp
         performanceCounter.cpp
         motion.cpp
         interpolator.cpp
         interpolate.cpp
         Generating Code...
       ManifestResourceCompile:
         c:\Program Files (x86)\Microsoft SDKs\Windows\v7.0A\bin\rc.exe /nologo /fo"Debug\interpolate.exe.embed.manifest.res" Debug\interpolate_manifest.rc 
       Link:
         c:\Program Files (x86)\Microsoft Visual Studio 10.0\VC\bin\link.exe /ERRORREPORT:PROMPT /OUT:"F:\Projects\MoCap\MotionInterpolation\IDE-starter\VS2010\Debug\interpolate.exe" /INCREMENTAL /NOLOGO kernel32.lib user32.lib gdi32.lib winspool.lib comdlg32.lib advapi32.lib shell32.lib ole32.lib oleaut32.lib uuid.lib odbc32.lib odbccp32.lib /MANIFEST /ManifestFile:"Debug\interpolate.exe.intermediate.manifest" /MANIFESTUAC:"level='asInvoker' uiAccess='false'" /DEBUG /PDB:"F:\Projects\MoCap\MotionInterpolation\IDE-starter\VS2010\Debug\interpolate.pdb" /SUBSYSTEM:CONSOLE /TLBID:1 /DYNAMICBASE /NXCOMPAT /IMPLIB:"F:\Projects\MoCap\MotionInterpolation\IDE-starter\VS2010\Debug\interpolate.lib" /MACHINE:X86 Debug\interpolate.exe.embed.manifest.res
         Debug\interpolate.obj
         Debug\interpolator.obj
         Debug\motion.obj
         Debug\performanceCounter.obj
         Debug\posture.obj
         Debug\quaternion.obj
         Debug\skeleton.obj
         Debug\transform.obj
         Debug\vector.obj
       Manifest:
         c:\Program Files (x86)\Microsoft SDKs\Windows\v7.0A\bin\mt.exe /nologo /verbose /out:"Debug\interpolate.exe.embed.manifest" /manifest Debug\interpolate.exe.intermediate.manifest
         c:\Program Files (x86)\Microsoft SDKs\Windows\v7.0A\bin\rc.exe /nologo /fo"Debug\interpolate.exe.embed.manifest.res" Debug\interpolate_manifest.rc 
       LinkEmbedManifest:
         c:\Program Files (x86)\Microsoft Visual Studio 10.0\VC\bin\link.exe /ERRORREPORT:PROMPT /OUT:"F:\Projects\MoCap\MotionInterpolation\IDE-starter\VS2010\Debug\interpolate.exe" /INCREMENTAL /NOLOGO kernel32.lib user32.lib gdi32.lib winspool.lib comdlg32.lib advapi32.lib shell32.lib ole32.lib oleaut32.lib uuid.lib odbc32.lib odbccp32.lib /MANIFEST /ManifestFile:"Debug\interpolate.exe.intermediate.manifest" /MANIFESTUAC:"level='asInvoker' uiAccess='false'" /DEBUG /PDB:"F:\Projects\MoCap\MotionInterpolation\IDE-starter\VS2010\Debug\interpolate.pdb" /SUBSYSTEM:CONSOLE /TLBID:1 /DYNAMICBASE /NXCOMPAT /IMPLIB:"F:\Projects\MoCap\MotionInterpolation\IDE-starter\VS2010\Debug\interpolate.lib" /MACHINE:X86 Debug\interpolate.exe.embed.manifest.res
         Debug\interpolate.obj
         Debug\interpolator.obj
         Debug\motion.obj
         Debug\performanceCounter.obj
         Debug\posture.obj
         Debug\quaternion.obj
         Debug\skeleton.obj
         Debug\transform.obj
         Debug\vector.obj
         interpolate.vcxproj -> F:\Projects\MoCap\MotionInterpolation\IDE-starter\VS2010\Debug\interpolate.exe
       FinalizeBuildStatus:
         Deleting file "Debug\interpolate.unsuccessfulbuild".
         Touching "Debug\interpolate.lastbuildstate".
     1>Done Building Project "F:\Projects\MoCap\MotionInterpolation\IDE-starter\VS2010\interpolate\interpolate.vcxproj" (build target(s)).

Build succeeded.

Time Elapsed 00:00:02.26
