Build started 2/27/2015 10:43:59 AM.
     1>Project "F:\Projects\Motion Interpolation\csci520-assignment2-startercode\fltk-1.3.2\ide\VisualC2010\mandelbrot.vcxproj" on node 3 (build target(s)).
     1>InitializeBuildStatus:
         Creating ".\mandelbrot_release\mandelbrot.unsuccessfulbuild" because "AlwaysCreate" was specified.
       CustomBuild:
         Create .cxx and .h file with fluid
         Compiling fluid files ...
       ClCompile:
         c:\Program Files (x86)\Microsoft Visual Studio 10.0\VC\bin\CL.exe /c /I. /I..\..\zlib /I..\..\png /I..\..\jpeg /I../.. /Zi /nologo /W1 /WX- /Od /Ob2 /Os /Oy- /D _CRT_SECURE_NO_DEPRECATE /D WIN32 /D NDEBUG /D _WINDOWS /D WIN32_LEAN_AND_MEAN /D VC_EXTRA_LEAN /D WIN32_EXTRA_LEAN /D _VC80_UPGRADE=0x0710 /Gm- /EHsc /MD /GS /fp:precise /Zc:wchar_t /Zc:forScope /Fo".\mandelbrot_release\\" /Fd".\mandelbrot_release\vc100.pdb" /Gd /TP /analyze- /errorReport:prompt ..\..\test\mandelbrot.cxx ..\..\test\mandelbrot_ui.cxx
         mandelbrot.cxx
         mandelbrot_ui.cxx
         Generating Code...
       Link:
         c:\Program Files (x86)\Microsoft Visual Studio 10.0\VC\bin\link.exe /ERRORREPORT:PROMPT /OUT:"../../test/mandelbrot.exe" /INCREMENTAL:NO /NOLOGO /LIBPATH:..\..\lib glu32.lib opengl32.lib fltk.lib comctl32.lib kernel32.lib user32.lib gdi32.lib winspool.lib comdlg32.lib advapi32.lib shell32.lib ole32.lib oleaut32.lib uuid.lib odbc32.lib odbccp32.lib /NODEFAULTLIB:libcd /MANIFEST /ManifestFile:".\mandelbrot_release\mandelbrot.exe.intermediate.manifest" /MANIFESTUAC:"level='asInvoker' uiAccess='false'" /PDB:".\mandelbrot_release\mandelbrot.pdb" /SUBSYSTEM:WINDOWS /TLBID:1 /DYNAMICBASE:NO /IMPLIB:"..\..\test\mandelbrot.lib" /MACHINE:X86 .\mandelbrot_release\mandelbrot.obj
         .\mandelbrot_release\mandelbrot_ui.obj
         "F:\Projects\Motion Interpolation\csci520-assignment2-startercode\fltk-1.3.2\lib\fltk.lib"
         mandelbrot.vcxproj -> F:\Projects\Motion Interpolation\csci520-assignment2-startercode\fltk-1.3.2\ide\VisualC2010\..\..\test\mandelbrot.exe
       Manifest:
         c:\Program Files (x86)\Microsoft SDKs\Windows\v7.0A\bin\mt.exe /nologo /verbose /outputresource:"../../test/mandelbrot.exe;#1" /manifest .\mandelbrot_release\mandelbrot.exe.intermediate.manifest
       FinalizeBuildStatus:
         Deleting file ".\mandelbrot_release\mandelbrot.unsuccessfulbuild".
         Touching ".\mandelbrot_release\mandelbrot.lastbuildstate".
     1>Done Building Project "F:\Projects\Motion Interpolation\csci520-assignment2-startercode\fltk-1.3.2\ide\VisualC2010\mandelbrot.vcxproj" (build target(s)).

Build succeeded.

Time Elapsed 00:00:08.87
