Build started 2/27/2015 10:43:38 AM.
     1>Project "F:\Projects\Motion Interpolation\csci520-assignment2-startercode\fltk-1.3.2\ide\VisualC2010\colbrowser.vcxproj" on node 5 (build target(s)).
     1>InitializeBuildStatus:
         Creating ".\colbrowser_release\colbrowser.unsuccessfulbuild" because "AlwaysCreate" was specified.
       ClCompile:
         c:\Program Files (x86)\Microsoft Visual Studio 10.0\VC\bin\CL.exe /c /I. /I..\..\zlib /I..\..\png /I..\..\jpeg /I../.. /Zi /nologo /W1 /WX- /Od /Ob2 /Os /Oy- /D _CRT_SECURE_NO_DEPRECATE /D WIN32 /D NDEBUG /D _WINDOWS /D WIN32_LEAN_AND_MEAN /D VC_EXTRA_LEAN /D WIN32_EXTRA_LEAN /D _VC80_UPGRADE=0x0710 /Gm- /EHsc /MD /GS /fp:precise /Zc:wchar_t /Zc:forScope /Fo".\colbrowser_release\\" /Fd".\colbrowser_release\vc100.pdb" /Gd /TP /analyze- /errorReport:prompt ..\..\test\colbrowser.cxx
         colbrowser.cxx
       Link:
         c:\Program Files (x86)\Microsoft Visual Studio 10.0\VC\bin\link.exe /ERRORREPORT:PROMPT /OUT:"../../test/colbrowser.exe" /INCREMENTAL:NO /NOLOGO /LIBPATH:..\..\lib fltk.lib comctl32.lib kernel32.lib user32.lib gdi32.lib winspool.lib comdlg32.lib advapi32.lib shell32.lib ole32.lib oleaut32.lib uuid.lib odbc32.lib odbccp32.lib /NODEFAULTLIB:libcd /MANIFEST /ManifestFile:".\colbrowser_release\colbrowser.exe.intermediate.manifest" /MANIFESTUAC:"level='asInvoker' uiAccess='false'" /PDB:".\colbrowser_release\colbrowser.pdb" /SUBSYSTEM:WINDOWS /TLBID:1 /DYNAMICBASE:NO /IMPLIB:"..\..\test\colbrowser.lib" /MACHINE:X86 .\colbrowser_release\colbrowser.obj
         "F:\Projects\Motion Interpolation\csci520-assignment2-startercode\fltk-1.3.2\lib\fltk.lib"
         "F:\Projects\Motion Interpolation\csci520-assignment2-startercode\fltk-1.3.2\lib\fltkforms.lib"
         colbrowser.vcxproj -> F:\Projects\Motion Interpolation\csci520-assignment2-startercode\fltk-1.3.2\ide\VisualC2010\..\..\test\colbrowser.exe
       Manifest:
         c:\Program Files (x86)\Microsoft SDKs\Windows\v7.0A\bin\mt.exe /nologo /verbose /outputresource:"../../test/colbrowser.exe;#1" /manifest .\colbrowser_release\colbrowser.exe.intermediate.manifest
       FinalizeBuildStatus:
         Deleting file ".\colbrowser_release\colbrowser.unsuccessfulbuild".
         Touching ".\colbrowser_release\colbrowser.lastbuildstate".
     1>Done Building Project "F:\Projects\Motion Interpolation\csci520-assignment2-startercode\fltk-1.3.2\ide\VisualC2010\colbrowser.vcxproj" (build target(s)).

Build succeeded.

Time Elapsed 00:00:00.78
