Build started 2/28/2015 11:25:24 AM.
     1>Project "F:\Projects\MoCap\MotionInterpolation\IDE-starter\VS2010\mocapPlayer\mocapPlayer.vcxproj" on node 2 (build target(s)).
     1>InitializeBuildStatus:
         Creating "Release\mocapPlayer.unsuccessfulbuild" because "AlwaysCreate" was specified.
       ClCompile:
         c:\Program Files (x86)\Microsoft Visual Studio 10.0\VC\bin\CL.exe /c /Zi /nologo /W3 /WX- /O2 /Oi /Oy- /GL /D WIN32 /D NDEBUG /D _CONSOLE /D _UNICODE /D UNICODE /Gm- /EHsc /MD /GS /Gy /fp:precise /Zc:wchar_t /Zc:forScope /Fo"Release\\" /Fd"Release\vc100.pdb" /Gd /TP /analyze- /errorReport:prompt "..\..\..\mocapPlayer-starter\displaySkeleton.cpp" "..\..\..\mocapPlayer-starter\interface.cpp" "..\..\..\mocapPlayer-starter\mocapPlayer.cpp" "..\..\..\mocapPlayer-starter\motion.cpp" "..\..\..\mocapPlayer-starter\performanceCounter.cpp" "..\..\..\mocapPlayer-starter\pic.cpp" "..\..\..\mocapPlayer-starter\posture.cpp" "..\..\..\mocapPlayer-starter\ppm.cpp" "..\..\..\mocapPlayer-starter\quaternion.cpp" "..\..\..\mocapPlayer-starter\skeleton.cpp" "..\..\..\mocapPlayer-starter\transform.cpp" "..\..\..\mocapPlayer-starter\vector.cpp"
         displaySkeleton.cpp
         interface.cpp
         mocapPlayer.cpp
         motion.cpp
         performanceCounter.cpp
         pic.cpp
         posture.cpp
         ppm.cpp
         quaternion.cpp
         skeleton.cpp
         transform.cpp
         vector.cpp
       Link:
         c:\Program Files (x86)\Microsoft Visual Studio 10.0\VC\bin\link.exe /ERRORREPORT:PROMPT /OUT:"F:\Projects\MoCap\MotionInterpolation\IDE-starter\VS2010\Release\mocapPlayer.exe" /INCREMENTAL:NO /NOLOGO glu32.lib opengl32.lib comctl32.lib wsock32.lib fltk.lib fltkgl.lib kernel32.lib user32.lib gdi32.lib winspool.lib comdlg32.lib advapi32.lib shell32.lib ole32.lib oleaut32.lib uuid.lib odbc32.lib odbccp32.lib /MANIFEST /ManifestFile:"Release\mocapPlayer.exe.intermediate.manifest" /MANIFESTUAC:"level='asInvoker' uiAccess='false'" /DEBUG /PDB:"F:\Projects\MoCap\MotionInterpolation\IDE-starter\VS2010\Release\mocapPlayer.pdb" /SUBSYSTEM:CONSOLE /OPT:REF /OPT:ICF /LTCG /TLBID:1 /DYNAMICBASE /NXCOMPAT /IMPLIB:"F:\Projects\MoCap\MotionInterpolation\IDE-starter\VS2010\Release\mocapPlayer.lib" /MACHINE:X86 Release\displaySkeleton.obj
         Release\interface.obj
         Release\mocapPlayer.obj
         Release\motion.obj
         Release\performanceCounter.obj
         Release\pic.obj
         Release\posture.obj
         Release\ppm.obj
         Release\quaternion.obj
         Release\skeleton.obj
         Release\transform.obj
         Release\vector.obj
         Generating code
         Finished generating code
         mocapPlayer.vcxproj -> F:\Projects\MoCap\MotionInterpolation\IDE-starter\VS2010\Release\mocapPlayer.exe
       Manifest:
         c:\Program Files (x86)\Microsoft SDKs\Windows\v7.0A\bin\mt.exe /nologo /verbose /outputresource:"F:\Projects\MoCap\MotionInterpolation\IDE-starter\VS2010\Release\mocapPlayer.exe;#1" /manifest Release\mocapPlayer.exe.intermediate.manifest
       FinalizeBuildStatus:
         Deleting file "Release\mocapPlayer.unsuccessfulbuild".
         Touching "Release\mocapPlayer.lastbuildstate".
     1>Done Building Project "F:\Projects\MoCap\MotionInterpolation\IDE-starter\VS2010\mocapPlayer\mocapPlayer.vcxproj" (build target(s)).

Build succeeded.

Time Elapsed 00:00:02.24
