Build started 2/26/2015 9:44:34 PM.
     1>Project "F:\Projects\Motion Interpolation\csci520-assignment2-startercode\fltk-1.3.2\ide\VisualC2010\sudoku.vcxproj" on node 2 (build target(s)).
     1>InitializeBuildStatus:
         Creating ".\sudoku_debug\sudoku.unsuccessfulbuild" because "AlwaysCreate" was specified.
       ClCompile:
         c:\Program Files (x86)\Microsoft Visual Studio 10.0\VC\bin\CL.exe /c /I. /I..\..\zlib /I..\..\png /I..\..\jpeg /I../.. /Zi /nologo /W1 /WX- /Od /Oy- /D _CRT_SECURE_NO_DEPRECATE /D WIN32 /D _DEBUG /D _WINDOWS /D WIN32_LEAN_AND_MEAN /D VC_EXTRA_LEAN /D WIN32_EXTRA_LEAN /D _VC80_UPGRADE=0x0710 /Gm- /EHsc /MDd /GS /fp:precise /Zc:wchar_t /Zc:forScope /Fo".\sudoku_debug\\" /Fd".\sudoku_debug\vc100.pdb" /Gd /TP /analyze- /errorReport:prompt ..\..\test\sudoku.cxx
         sudoku.cxx
       ResourceCompile:
         c:\Program Files (x86)\Microsoft SDKs\Windows\v7.0A\bin\rc.exe /D _DEBUG /D _VC80_UPGRADE=0x0710 /l"0x0409" /nologo /fo".\sudoku_debug\sudoku.res" ..\..\test\sudoku.rc 
       Link:
         c:\Program Files (x86)\Microsoft Visual Studio 10.0\VC\bin\link.exe /ERRORREPORT:PROMPT /OUT:"../../test/sudokud.exe" /INCREMENTAL:NO /NOLOGO /LIBPATH:..\..\lib fltkd.lib winmm.lib comctl32.lib kernel32.lib user32.lib gdi32.lib winspool.lib comdlg32.lib advapi32.lib shell32.lib ole32.lib oleaut32.lib uuid.lib odbc32.lib odbccp32.lib /NODEFAULTLIB:libcd /MANIFEST /ManifestFile:".\sudoku_debug\sudokud.exe.intermediate.manifest" /MANIFESTUAC:"level='asInvoker' uiAccess='false'" /DEBUG /PDB:".\sudoku_debug\sudokud.pdb" /SUBSYSTEM:WINDOWS /TLBID:1 /DYNAMICBASE:NO /IMPLIB:"..\..\test\sudokud.lib" /MACHINE:X86 .\sudoku_debug\sudoku.res
         .\sudoku_debug\sudoku.obj
         "F:\Projects\Motion Interpolation\csci520-assignment2-startercode\fltk-1.3.2\lib\fltkd.lib"
         "F:\Projects\Motion Interpolation\csci520-assignment2-startercode\fltk-1.3.2\lib\fltkimagesd.lib"
         "F:\Projects\Motion Interpolation\csci520-assignment2-startercode\fltk-1.3.2\lib\fltkjpegd.lib"
         "F:\Projects\Motion Interpolation\csci520-assignment2-startercode\fltk-1.3.2\lib\fltkpngd.lib"
         "F:\Projects\Motion Interpolation\csci520-assignment2-startercode\fltk-1.3.2\lib\fltkzlibd.lib"
         sudoku.vcxproj -> F:\Projects\Motion Interpolation\csci520-assignment2-startercode\fltk-1.3.2\ide\VisualC2010\..\..\test\sudokud.exe
       Manifest:
         c:\Program Files (x86)\Microsoft SDKs\Windows\v7.0A\bin\mt.exe /nologo /verbose /outputresource:"../../test/sudokud.exe;#1" /manifest .\sudoku_debug\sudokud.exe.intermediate.manifest
       CopyFilesToOutputDirectory:
         Copying file from ".\sudoku_debug\sudokud.pdb" to "..\..\test\sudokud.pdb".
       FinalizeBuildStatus:
         Deleting file ".\sudoku_debug\sudoku.unsuccessfulbuild".
         Touching ".\sudoku_debug\sudoku.lastbuildstate".
     1>Done Building Project "F:\Projects\Motion Interpolation\csci520-assignment2-startercode\fltk-1.3.2\ide\VisualC2010\sudoku.vcxproj" (build target(s)).

Build succeeded.

Time Elapsed 00:00:02.23
