Build started 2/26/2015 9:45:22 PM.
     1>Project "F:\Projects\Motion Interpolation\csci520-assignment2-startercode\fltk-1.3.2\ide\VisualC2010\radio.vcxproj" on node 7 (build target(s)).
     1>InitializeBuildStatus:
         Creating ".\radio_debug\radio.unsuccessfulbuild" because "AlwaysCreate" was specified.
       CustomBuild:
         Create .cxx and .h file with fluidd
         Compiling fluid files ...
       ClCompile:
         c:\Program Files (x86)\Microsoft Visual Studio 10.0\VC\bin\CL.exe /c /I. /I..\..\zlib /I..\..\png /I..\..\jpeg /I../.. /Zi /nologo /W1 /WX- /Od /Oy- /D _CRT_SECURE_NO_DEPRECATE /D WIN32 /D _DEBUG /D _WINDOWS /D WIN32_LEAN_AND_MEAN /D VC_EXTRA_LEAN /D WIN32_EXTRA_LEAN /D _VC80_UPGRADE=0x0710 /Gm- /EHsc /MDd /GS /fp:precise /Zc:wchar_t /Zc:forScope /Fo".\radio_debug\\" /Fd".\radio_debug\vc100.pdb" /Gd /TP /analyze- /errorReport:prompt ..\..\test\radio.cxx
         radio.cxx
       Link:
         c:\Program Files (x86)\Microsoft Visual Studio 10.0\VC\bin\link.exe /ERRORREPORT:PROMPT /OUT:"../../test/radiod.exe" /INCREMENTAL:NO /NOLOGO /LIBPATH:..\..\lib fltkd.lib comctl32.lib kernel32.lib user32.lib gdi32.lib winspool.lib comdlg32.lib advapi32.lib shell32.lib ole32.lib oleaut32.lib uuid.lib odbc32.lib odbccp32.lib /NODEFAULTLIB:libcd /MANIFEST /ManifestFile:".\radio_debug\radiod.exe.intermediate.manifest" /MANIFESTUAC:"level='asInvoker' uiAccess='false'" /DEBUG /PDB:".\radio_debug\radiod.pdb" /SUBSYSTEM:WINDOWS /TLBID:1 /DYNAMICBASE:NO /IMPLIB:"..\..\test\radiod.lib" /MACHINE:X86 .\radio_debug\radio.obj
         "F:\Projects\Motion Interpolation\csci520-assignment2-startercode\fltk-1.3.2\lib\fltkd.lib"
         radio.vcxproj -> F:\Projects\Motion Interpolation\csci520-assignment2-startercode\fltk-1.3.2\ide\VisualC2010\..\..\test\radiod.exe
       Manifest:
         c:\Program Files (x86)\Microsoft SDKs\Windows\v7.0A\bin\mt.exe /nologo /verbose /outputresource:"../../test/radiod.exe;#1" /manifest .\radio_debug\radiod.exe.intermediate.manifest
       CopyFilesToOutputDirectory:
         Copying file from ".\radio_debug\radiod.pdb" to "..\..\test\radiod.pdb".
       FinalizeBuildStatus:
         Deleting file ".\radio_debug\radio.unsuccessfulbuild".
         Touching ".\radio_debug\radio.lastbuildstate".
     1>Done Building Project "F:\Projects\Motion Interpolation\csci520-assignment2-startercode\fltk-1.3.2\ide\VisualC2010\radio.vcxproj" (build target(s)).

Build succeeded.

Time Elapsed 00:00:08.64
