Build started 2/26/2015 9:44:33 PM.
     1>Project "F:\Projects\Motion Interpolation\csci520-assignment2-startercode\fltk-1.3.2\ide\VisualC2010\pixmap_browser.vcxproj" on node 5 (build target(s)).
     1>InitializeBuildStatus:
         Creating ".\pixmap_browser_debug\pixmap_browser.unsuccessfulbuild" because "AlwaysCreate" was specified.
       ClCompile:
         c:\Program Files (x86)\Microsoft Visual Studio 10.0\VC\bin\CL.exe /c /I. /I..\..\zlib /I..\..\png /I..\..\jpeg /I../.. /Zi /nologo /W1 /WX- /Od /Oy- /D _CRT_SECURE_NO_DEPRECATE /D WIN32 /D _DEBUG /D _WINDOWS /D WIN32_LEAN_AND_MEAN /D VC_EXTRA_LEAN /D WIN32_EXTRA_LEAN /D _VC80_UPGRADE=0x0710 /Gm- /EHsc /MDd /GS /fp:precise /Zc:wchar_t /Zc:forScope /Fo".\pixmap_browser_debug\\" /Fd".\pixmap_browser_debug\vc100.pdb" /Gd /TP /analyze- /errorReport:prompt ..\..\test\pixmap_browser.cxx
         pixmap_browser.cxx
       Link:
         c:\Program Files (x86)\Microsoft Visual Studio 10.0\VC\bin\link.exe /ERRORREPORT:PROMPT /OUT:"../../test/pixmap_browserd.exe" /INCREMENTAL:NO /NOLOGO /LIBPATH:..\..\lib comctl32.lib kernel32.lib user32.lib gdi32.lib winspool.lib comdlg32.lib advapi32.lib shell32.lib ole32.lib oleaut32.lib uuid.lib odbc32.lib odbccp32.lib /NODEFAULTLIB:libcmtd /MANIFEST /ManifestFile:".\pixmap_browser_debug\pixmap_browserd.exe.intermediate.manifest" /MANIFESTUAC:"level='asInvoker' uiAccess='false'" /DEBUG /PDB:".\pixmap_browser_debug\pixmap_browserd.pdb" /SUBSYSTEM:WINDOWS /TLBID:1 /DYNAMICBASE:NO /IMPLIB:"..\..\test\pixmap_browserd.lib" /MACHINE:X86 .\pixmap_browser_debug\pixmap_browser.obj
         "F:\Projects\Motion Interpolation\csci520-assignment2-startercode\fltk-1.3.2\lib\fltkd.lib"
         "F:\Projects\Motion Interpolation\csci520-assignment2-startercode\fltk-1.3.2\lib\fltkimagesd.lib"
         "F:\Projects\Motion Interpolation\csci520-assignment2-startercode\fltk-1.3.2\lib\fltkjpegd.lib"
         "F:\Projects\Motion Interpolation\csci520-assignment2-startercode\fltk-1.3.2\lib\fltkpngd.lib"
         "F:\Projects\Motion Interpolation\csci520-assignment2-startercode\fltk-1.3.2\lib\fltkzlibd.lib"
         pixmap_browser.vcxproj -> F:\Projects\Motion Interpolation\csci520-assignment2-startercode\fltk-1.3.2\ide\VisualC2010\..\..\test\pixmap_browserd.exe
       Manifest:
         c:\Program Files (x86)\Microsoft SDKs\Windows\v7.0A\bin\mt.exe /nologo /verbose /outputresource:"../../test/pixmap_browserd.exe;#1" /manifest .\pixmap_browser_debug\pixmap_browserd.exe.intermediate.manifest
       CopyFilesToOutputDirectory:
         Copying file from ".\pixmap_browser_debug\pixmap_browserd.pdb" to "..\..\test\pixmap_browserd.pdb".
       FinalizeBuildStatus:
         Deleting file ".\pixmap_browser_debug\pixmap_browser.unsuccessfulbuild".
         Touching ".\pixmap_browser_debug\pixmap_browser.lastbuildstate".
     1>Done Building Project "F:\Projects\Motion Interpolation\csci520-assignment2-startercode\fltk-1.3.2\ide\VisualC2010\pixmap_browser.vcxproj" (build target(s)).

Build succeeded.

Time Elapsed 00:00:02.98
