Build started 3/4/2015 11:24:03 PM.
     1>Project "F:\Projects\MoCap\MotionInterpolation\IDE-starter\VS2010\interpolate\interpolate.vcxproj" on node 2 (Build target(s)).
     1>InitializeBuildStatus:
         Creating "Release\interpolate.unsuccessfulbuild" because "AlwaysCreate" was specified.
       ClCompile:
         C:\Program Files (x86)\Microsoft Visual Studio 11.0\VC\bin\CL.exe /c /Zi /nologo /W3 /WX- /O2 /Oi /Oy- /GL /D WIN32 /D NDEBUG /D _CONSOLE /D _UNICODE /D UNICODE /Gm- /EHsc /MD /GS /Gy /fp:precise /Zc:wchar_t /Zc:forScope /Fo"Release\\" /Fd"Release\vc110.pdb" /Gd /TP /analyze- /errorReport:prompt "..\..\..\mocapPlayer-starter\interpolate.cpp"
         interpolate.cpp
       Link:
         C:\Program Files (x86)\Microsoft Visual Studio 11.0\VC\bin\link.exe /ERRORREPORT:PROMPT /OUT:"F:\Projects\MoCap\MotionInterpolation\IDE-starter\VS2010\Release\interpolate.exe" /INCREMENTAL:NO /NOLOGO kernel32.lib user32.lib gdi32.lib winspool.lib comdlg32.lib advapi32.lib shell32.lib ole32.lib oleaut32.lib uuid.lib odbc32.lib odbccp32.lib /MANIFEST /MANIFESTUAC:"level='asInvoker' uiAccess='false'" /manifest:embed /DEBUG /PDB:"F:\Projects\MoCap\MotionInterpolation\IDE-starter\VS2010\Release\interpolate.pdb" /SUBSYSTEM:CONSOLE /OPT:REF /OPT:ICF /LTCG /TLBID:1 /DYNAMICBASE /NXCOMPAT /IMPLIB:"F:\Projects\MoCap\MotionInterpolation\IDE-starter\VS2010\Release\interpolate.lib" /MACHINE:X86 /SAFESEH Release\interpolate.obj
         Release\interpolator.obj
         Release\motion.obj
         Release\performanceCounter.obj
         Release\posture.obj
         Release\quaternion.obj
         Release\skeleton.obj
         Release\transform.obj
         Release\vector.obj
         Generating code
         Finished generating code
         interpolate.vcxproj -> F:\Projects\MoCap\MotionInterpolation\IDE-starter\VS2010\Release\interpolate.exe
       FinalizeBuildStatus:
         Deleting file "Release\interpolate.unsuccessfulbuild".
         Touching "Release\interpolate.lastbuildstate".
     1>Done Building Project "F:\Projects\MoCap\MotionInterpolation\IDE-starter\VS2010\interpolate\interpolate.vcxproj" (Build target(s)).

Build succeeded.

Time Elapsed 00:00:00.89
