Build started 2/26/2015 9:44:45 PM.
     1>Project "F:\Projects\Motion Interpolation\csci520-assignment2-startercode\fltk-1.3.2\ide\VisualC2010\pixmap.vcxproj" on node 7 (build target(s)).
     1>InitializeBuildStatus:
         Creating ".\pixmap_debug\pixmap.unsuccessfulbuild" because "AlwaysCreate" was specified.
       ClCompile:
         c:\Program Files (x86)\Microsoft Visual Studio 10.0\VC\bin\CL.exe /c /I. /I..\..\zlib /I..\..\png /I..\..\jpeg /I../.. /Zi /nologo /W1 /WX- /Od /Oy- /D _CRT_SECURE_NO_DEPRECATE /D WIN32 /D _DEBUG /D _WINDOWS /D WIN32_LEAN_AND_MEAN /D VC_EXTRA_LEAN /D WIN32_EXTRA_LEAN /D _VC80_UPGRADE=0x0710 /Gm- /EHsc /MDd /GS /fp:precise /Zc:wchar_t /Zc:forScope /Fo".\pixmap_debug\\" /Fd".\pixmap_debug\vc100.pdb" /Gd /TP /analyze- /errorReport:prompt ..\..\test\pixmap.cxx
         pixmap.cxx
       Link:
         c:\Program Files (x86)\Microsoft Visual Studio 10.0\VC\bin\link.exe /ERRORREPORT:PROMPT /OUT:"../../test/pixmapd.exe" /INCREMENTAL:NO /NOLOGO /LIBPATH:..\..\lib fltkd.lib comctl32.lib kernel32.lib user32.lib gdi32.lib winspool.lib comdlg32.lib advapi32.lib shell32.lib ole32.lib oleaut32.lib uuid.lib odbc32.lib odbccp32.lib /NODEFAULTLIB:libcd /MANIFEST /ManifestFile:".\pixmap_debug\pixmapd.exe.intermediate.manifest" /MANIFESTUAC:"level='asInvoker' uiAccess='false'" /DEBUG /PDB:".\pixmap_debug\pixmapd.pdb" /SUBSYSTEM:WINDOWS /TLBID:1 /DYNAMICBASE:NO /IMPLIB:"..\..\test\pixmapd.lib" /MACHINE:X86 .\pixmap_debug\pixmap.obj
         "F:\Projects\Motion Interpolation\csci520-assignment2-startercode\fltk-1.3.2\lib\fltkd.lib"
         pixmap.vcxproj -> F:\Projects\Motion Interpolation\csci520-assignment2-startercode\fltk-1.3.2\ide\VisualC2010\..\..\test\pixmapd.exe
       Manifest:
         c:\Program Files (x86)\Microsoft SDKs\Windows\v7.0A\bin\mt.exe /nologo /verbose /outputresource:"../../test/pixmapd.exe;#1" /manifest .\pixmap_debug\pixmapd.exe.intermediate.manifest
       CopyFilesToOutputDirectory:
         Copying file from ".\pixmap_debug\pixmapd.pdb" to "..\..\test\pixmapd.pdb".
       FinalizeBuildStatus:
         Deleting file ".\pixmap_debug\pixmap.unsuccessfulbuild".
         Touching ".\pixmap_debug\pixmap.lastbuildstate".
     1>Done Building Project "F:\Projects\Motion Interpolation\csci520-assignment2-startercode\fltk-1.3.2\ide\VisualC2010\pixmap.vcxproj" (build target(s)).

Build succeeded.

Time Elapsed 00:00:00.92
