Build started 2/27/2015 10:43:59 AM.
     1>Project "F:\Projects\Motion Interpolation\csci520-assignment2-startercode\fltk-1.3.2\ide\VisualC2010\tabs.vcxproj" on node 8 (build target(s)).
     1>InitializeBuildStatus:
         Creating ".\tabs_release\tabs.unsuccessfulbuild" because "AlwaysCreate" was specified.
       CustomBuild:
         Create tabs.cxx and tabs.h file with fluid
         Compiling fluid files ...
       ClCompile:
         c:\Program Files (x86)\Microsoft Visual Studio 10.0\VC\bin\CL.exe /c /I. /I..\..\zlib /I..\..\png /I..\..\jpeg /I../.. /Zi /nologo /W1 /WX- /Od /Ob2 /Os /Oy- /D _CRT_SECURE_NO_DEPRECATE /D WIN32 /D NDEBUG /D _WINDOWS /D WIN32_LEAN_AND_MEAN /D VC_EXTRA_LEAN /D WIN32_EXTRA_LEAN /D _VC80_UPGRADE=0x0710 /Gm- /EHsc /MD /GS /fp:precise /Zc:wchar_t /Zc:forScope /Fo".\tabs_release\\" /Fd".\tabs_release\vc100.pdb" /Gd /TP /analyze- /errorReport:prompt ..\..\test\tabs.cxx
         tabs.cxx
       Link:
         c:\Program Files (x86)\Microsoft Visual Studio 10.0\VC\bin\link.exe /ERRORREPORT:PROMPT /OUT:"../../test/tabs.exe" /INCREMENTAL:NO /NOLOGO /LIBPATH:..\..\lib fltk.lib comctl32.lib kernel32.lib user32.lib gdi32.lib winspool.lib comdlg32.lib advapi32.lib shell32.lib ole32.lib oleaut32.lib uuid.lib odbc32.lib odbccp32.lib /NODEFAULTLIB:libcd /MANIFEST /ManifestFile:".\tabs_release\tabs.exe.intermediate.manifest" /MANIFESTUAC:"level='asInvoker' uiAccess='false'" /PDB:".\tabs_release\tabs.pdb" /SUBSYSTEM:WINDOWS /TLBID:1 /DYNAMICBASE:NO /IMPLIB:"..\..\test\tabs.lib" /MACHINE:X86 .\tabs_release\tabs.obj
         "F:\Projects\Motion Interpolation\csci520-assignment2-startercode\fltk-1.3.2\lib\fltk.lib"
         tabs.vcxproj -> F:\Projects\Motion Interpolation\csci520-assignment2-startercode\fltk-1.3.2\ide\VisualC2010\..\..\test\tabs.exe
       Manifest:
         c:\Program Files (x86)\Microsoft SDKs\Windows\v7.0A\bin\mt.exe /nologo /verbose /outputresource:"../../test/tabs.exe;#1" /manifest .\tabs_release\tabs.exe.intermediate.manifest
       FinalizeBuildStatus:
         Deleting file ".\tabs_release\tabs.unsuccessfulbuild".
         Touching ".\tabs_release\tabs.lastbuildstate".
     1>Done Building Project "F:\Projects\Motion Interpolation\csci520-assignment2-startercode\fltk-1.3.2\ide\VisualC2010\tabs.vcxproj" (build target(s)).

Build succeeded.

Time Elapsed 00:00:08.81
