Build started 2/26/2015 9:45:31 PM.
     1>Project "F:\Projects\Motion Interpolation\csci520-assignment2-startercode\fltk-1.3.2\ide\VisualC2010\keyboard.vcxproj" on node 9 (build target(s)).
     1>InitializeBuildStatus:
         Creating ".\keyboard_debug\keyboard.unsuccessfulbuild" because "AlwaysCreate" was specified.
       CustomBuild:
         Create .cxx and .h file with fluidd
         Compiling fluid files ...
       ClCompile:
         c:\Program Files (x86)\Microsoft Visual Studio 10.0\VC\bin\CL.exe /c /I. /I..\..\zlib /I..\..\png /I..\..\jpeg /I../.. /Zi /nologo /W1 /WX- /Od /Oy- /D _CRT_SECURE_NO_DEPRECATE /D WIN32 /D _DEBUG /D _WINDOWS /D WIN32_LEAN_AND_MEAN /D VC_EXTRA_LEAN /D WIN32_EXTRA_LEAN /D _VC80_UPGRADE=0x0710 /Gm- /EHsc /MDd /GS /fp:precise /Zc:wchar_t /Zc:forScope /Fo".\keyboard_debug\\" /Fd".\keyboard_debug\vc100.pdb" /Gd /TP /analyze- /errorReport:prompt ..\..\test\keyboard.cxx ..\..\test\keyboard_ui.cxx
         keyboard.cxx
         keyboard_ui.cxx
         Generating Code...
       Link:
         c:\Program Files (x86)\Microsoft Visual Studio 10.0\VC\bin\link.exe /ERRORREPORT:PROMPT /OUT:"../../test/keyboardd.exe" /INCREMENTAL:NO /NOLOGO /LIBPATH:..\..\lib fltkd.lib comctl32.lib kernel32.lib user32.lib gdi32.lib winspool.lib comdlg32.lib advapi32.lib shell32.lib ole32.lib oleaut32.lib uuid.lib odbc32.lib odbccp32.lib /NODEFAULTLIB:libcd /MANIFEST /ManifestFile:".\keyboard_debug\keyboardd.exe.intermediate.manifest" /MANIFESTUAC:"level='asInvoker' uiAccess='false'" /DEBUG /PDB:".\keyboard_debug\keyboardd.pdb" /SUBSYSTEM:WINDOWS /TLBID:1 /DYNAMICBASE:NO /IMPLIB:"..\..\test\keyboardd.lib" /MACHINE:X86 .\keyboard_debug\keyboard.obj
         .\keyboard_debug\keyboard_ui.obj
         "F:\Projects\Motion Interpolation\csci520-assignment2-startercode\fltk-1.3.2\lib\fltkd.lib"
         keyboard.vcxproj -> F:\Projects\Motion Interpolation\csci520-assignment2-startercode\fltk-1.3.2\ide\VisualC2010\..\..\test\keyboardd.exe
       Manifest:
         c:\Program Files (x86)\Microsoft SDKs\Windows\v7.0A\bin\mt.exe /nologo /verbose /outputresource:"../../test/keyboardd.exe;#1" /manifest .\keyboard_debug\keyboardd.exe.intermediate.manifest
       CopyFilesToOutputDirectory:
         Copying file from ".\keyboard_debug\keyboardd.pdb" to "..\..\test\keyboardd.pdb".
       FinalizeBuildStatus:
         Deleting file ".\keyboard_debug\keyboard.unsuccessfulbuild".
         Touching ".\keyboard_debug\keyboard.lastbuildstate".
     1>Done Building Project "F:\Projects\Motion Interpolation\csci520-assignment2-startercode\fltk-1.3.2\ide\VisualC2010\keyboard.vcxproj" (build target(s)).

Build succeeded.

Time Elapsed 00:00:01.35
