Build started 2/26/2015 9:45:23 PM.
     1>Project "F:\Projects\Motion Interpolation\csci520-assignment2-startercode\fltk-1.3.2\ide\VisualC2010\inactive.vcxproj" on node 9 (build target(s)).
     1>InitializeBuildStatus:
         Creating ".\inactive_debug\inactive.unsuccessfulbuild" because "AlwaysCreate" was specified.
       CustomBuild:
         Create .cxx and .h file with fluidd
         Compiling fluid files ...
       ClCompile:
         c:\Program Files (x86)\Microsoft Visual Studio 10.0\VC\bin\CL.exe /c /I. /I..\..\zlib /I..\..\png /I..\..\jpeg /I../.. /Zi /nologo /W1 /WX- /Od /Oy- /D _CRT_SECURE_NO_DEPRECATE /D WIN32 /D _DEBUG /D _WINDOWS /D WIN32_LEAN_AND_MEAN /D VC_EXTRA_LEAN /D WIN32_EXTRA_LEAN /D _VC80_UPGRADE=0x0710 /Gm- /EHsc /MDd /GS /fp:precise /Zc:wchar_t /Zc:forScope /Fo".\inactive_debug\\" /Fd".\inactive_debug\vc100.pdb" /Gd /TP /analyze- /errorReport:prompt ..\..\test\inactive.cxx
         inactive.cxx
       Link:
         c:\Program Files (x86)\Microsoft Visual Studio 10.0\VC\bin\link.exe /ERRORREPORT:PROMPT /OUT:"../../test/inactived.exe" /INCREMENTAL:NO /NOLOGO /LIBPATH:..\..\lib fltkd.lib comctl32.lib kernel32.lib user32.lib gdi32.lib winspool.lib comdlg32.lib advapi32.lib shell32.lib ole32.lib oleaut32.lib uuid.lib odbc32.lib odbccp32.lib /NODEFAULTLIB:libcd /MANIFEST /ManifestFile:".\inactive_debug\inactived.exe.intermediate.manifest" /MANIFESTUAC:"level='asInvoker' uiAccess='false'" /DEBUG /PDB:".\inactive_debug\inactived.pdb" /SUBSYSTEM:WINDOWS /TLBID:1 /DYNAMICBASE:NO /IMPLIB:"..\..\test\inactived.lib" /MACHINE:X86 .\inactive_debug\inactive.obj
         "F:\Projects\Motion Interpolation\csci520-assignment2-startercode\fltk-1.3.2\lib\fltkd.lib"
         inactive.vcxproj -> F:\Projects\Motion Interpolation\csci520-assignment2-startercode\fltk-1.3.2\ide\VisualC2010\..\..\test\inactived.exe
       Manifest:
         c:\Program Files (x86)\Microsoft SDKs\Windows\v7.0A\bin\mt.exe /nologo /verbose /outputresource:"../../test/inactived.exe;#1" /manifest .\inactive_debug\inactived.exe.intermediate.manifest
       CopyFilesToOutputDirectory:
         Copying file from ".\inactive_debug\inactived.pdb" to "..\..\test\inactived.pdb".
       FinalizeBuildStatus:
         Deleting file ".\inactive_debug\inactive.unsuccessfulbuild".
         Touching ".\inactive_debug\inactive.lastbuildstate".
     1>Done Building Project "F:\Projects\Motion Interpolation\csci520-assignment2-startercode\fltk-1.3.2\ide\VisualC2010\inactive.vcxproj" (build target(s)).

Build succeeded.

Time Elapsed 00:00:07.82
